sysbench: /home/rili/extract/opengauss_rvv/opt/opengauss/lib/libpq.so.5: no version information available (required by sysbench)
sysbench 1.0.20 (using system LuaJIT 2.1.ROLLING)

Running the test with following options:
Number of threads: 10
Report intermediate results every 2 second(s)
Initializing random number generator from current time


Initializing worker threads...

Threads started!

[ 2s ] thds: 10 tps: 69.75 qps: 1446.27 (r/w/o: 1018.81/282.98/144.48) lat (ms,95%): 390.30 err/s: 0.00 reconn/s: 0.00
[ 4s ] thds: 10 tps: 92.71 qps: 1855.24 (r/w/o: 1298.97/370.85/185.42) lat (ms,95%): 173.58 err/s: 0.00 reconn/s: 0.00
[ 6s ] thds: 10 tps: 89.90 qps: 1807.51 (r/w/o: 1266.11/361.60/179.80) lat (ms,95%): 186.54 err/s: 0.00 reconn/s: 0.00
[ 8s ] thds: 10 tps: 86.09 qps: 1734.84 (r/w/o: 1215.79/346.87/172.18) lat (ms,95%): 219.36 err/s: 0.00 reconn/s: 0.00
[ 10s ] thds: 10 tps: 90.92 qps: 1795.35 (r/w/o: 1256.34/357.17/181.83) lat (ms,95%): 189.93 err/s: 0.00 reconn/s: 0.00
[ 12s ] thds: 10 tps: 97.47 qps: 1954.42 (r/w/o: 1367.59/391.88/194.94) lat (ms,95%): 158.63 err/s: 0.00 reconn/s: 0.00
[ 14s ] thds: 10 tps: 95.51 qps: 1912.75 (r/w/o: 1342.68/379.05/191.03) lat (ms,95%): 179.94 err/s: 0.00 reconn/s: 0.00
[ 16s ] thds: 10 tps: 99.11 qps: 1979.62 (r/w/o: 1384.48/396.92/198.21) lat (ms,95%): 183.21 err/s: 0.00 reconn/s: 0.00
[ 18s ] thds: 10 tps: 100.69 qps: 2012.34 (r/w/o: 1405.20/405.76/201.38) lat (ms,95%): 161.51 err/s: 0.00 reconn/s: 0.00
[ 20s ] thds: 10 tps: 100.29 qps: 1995.70 (r/w/o: 1397.49/397.64/200.57) lat (ms,95%): 183.21 err/s: 0.00 reconn/s: 0.00
[ 22s ] thds: 10 tps: 98.02 qps: 1973.94 (r/w/o: 1383.81/394.09/196.04) lat (ms,95%): 164.45 err/s: 0.00 reconn/s: 0.00
[ 24s ] thds: 10 tps: 99.34 qps: 1981.76 (r/w/o: 1383.74/399.35/198.68) lat (ms,95%): 170.48 err/s: 0.00 reconn/s: 0.00
[ 26s ] thds: 10 tps: 98.15 qps: 1955.93 (r/w/o: 1371.06/388.08/196.80) lat (ms,95%): 170.48 err/s: 0.00 reconn/s: 0.00
[ 28s ] thds: 10 tps: 102.01 qps: 2047.26 (r/w/o: 1434.18/409.05/204.03) lat (ms,95%): 164.45 err/s: 0.00 reconn/s: 0.00
[ 30s ] thds: 10 tps: 99.50 qps: 1993.91 (r/w/o: 1396.94/397.98/198.99) lat (ms,95%): 183.21 err/s: 0.00 reconn/s: 0.00
[ 32s ] thds: 10 tps: 97.01 qps: 1941.14 (r/w/o: 1361.10/386.03/194.01) lat (ms,95%): 173.58 err/s: 0.00 reconn/s: 0.00
[ 34s ] thds: 10 tps: 100.00 qps: 1988.48 (r/w/o: 1386.99/401.50/200.00) lat (ms,95%): 179.94 err/s: 0.00 reconn/s: 0.00
[ 36s ] thds: 10 tps: 106.45 qps: 2134.06 (r/w/o: 1495.34/425.81/212.91) lat (ms,95%): 158.63 err/s: 0.00 reconn/s: 0.00
[ 38s ] thds: 10 tps: 92.07 qps: 1842.46 (r/w/o: 1288.03/370.28/184.15) lat (ms,95%): 189.93 err/s: 0.00 reconn/s: 0.00
[ 40s ] thds: 10 tps: 101.01 qps: 2016.77 (r/w/o: 1411.69/403.05/202.03) lat (ms,95%): 170.48 err/s: 0.00 reconn/s: 0.00
[ 42s ] thds: 10 tps: 100.48 qps: 2007.07 (r/w/o: 1403.20/403.41/200.46) lat (ms,95%): 161.51 err/s: 0.00 reconn/s: 0.00
[ 44s ] thds: 10 tps: 101.45 qps: 2035.45 (r/w/o: 1427.76/404.79/202.90) lat (ms,95%): 147.61 err/s: 0.00 reconn/s: 0.00
[ 46s ] thds: 10 tps: 98.57 qps: 1969.86 (r/w/o: 1378.45/394.27/197.14) lat (ms,95%): 179.94 err/s: 0.00 reconn/s: 0.00
[ 48s ] thds: 10 tps: 101.41 qps: 2009.24 (r/w/o: 1403.27/403.15/202.82) lat (ms,95%): 179.94 err/s: 0.00 reconn/s: 0.00
[ 50s ] thds: 10 tps: 98.09 qps: 1981.31 (r/w/o: 1390.77/393.86/196.68) lat (ms,95%): 173.58 err/s: 0.00 reconn/s: 0.00
[ 52s ] thds: 10 tps: 103.49 qps: 2065.73 (r/w/o: 1445.31/413.45/206.97) lat (ms,95%): 173.58 err/s: 0.00 reconn/s: 0.00
[ 54s ] thds: 10 tps: 98.93 qps: 1982.17 (r/w/o: 1389.07/395.24/197.87) lat (ms,95%): 164.45 err/s: 0.00 reconn/s: 0.00
[ 56s ] thds: 10 tps: 98.08 qps: 1943.55 (r/w/o: 1355.58/391.81/196.16) lat (ms,95%): 167.44 err/s: 0.00 reconn/s: 0.00
[ 58s ] thds: 10 tps: 97.88 qps: 1984.10 (r/w/o: 1392.31/396.02/195.76) lat (ms,95%): 176.73 err/s: 0.00 reconn/s: 0.00
[ 60s ] thds: 10 tps: 104.55 qps: 2065.98 (r/w/o: 1443.69/413.20/209.10) lat (ms,95%): 158.63 err/s: 0.00 reconn/s: 0.00
SQL statistics:
    queries performed:
        read:                            81872
        write:                           23391
        other:                           11697
        total:                           116960
    transactions:                        5848   (97.20 per sec.)
    queries:                             116960 (1944.09 per sec.)
    ignored errors:                      0      (0.00 per sec.)
    reconnects:                          0      (0.00 per sec.)

General statistics:
    total time:                          60.1593s
    total number of events:              5848

Latency (ms):
         min:                                   52.83
         avg:                                  102.75
         max:                                  585.04
         95th percentile:                      176.73
         sum:                               600869.46

Threads fairness:
    events (avg/stddev):           584.8000/18.24
    execution time (avg/stddev):   60.0869/0.03

