sysbench: /home/rili/extract/opengauss_rvv/opt/opengauss/lib/libpq.so.5: no version information available (required by sysbench)
sysbench 1.0.20 (using system LuaJIT 2.1.ROLLING)

Running the test with following options:
Number of threads: 10
Report intermediate results every 2 second(s)
Initializing random number generator from current time


Initializing worker threads...

Threads started!

[ 2s ] thds: 10 tps: 2194.32 qps: 2194.32 (r/w/o: 2194.32/0.00/0.00) lat (ms,95%): 8.13 err/s: 0.00 reconn/s: 0.00
[ 4s ] thds: 10 tps: 2507.93 qps: 2507.93 (r/w/o: 2507.93/0.00/0.00) lat (ms,95%): 8.74 err/s: 0.00 reconn/s: 0.00
[ 6s ] thds: 10 tps: 2603.39 qps: 2603.39 (r/w/o: 2603.39/0.00/0.00) lat (ms,95%): 7.70 err/s: 0.00 reconn/s: 0.00
[ 8s ] thds: 10 tps: 2587.07 qps: 2587.07 (r/w/o: 2587.07/0.00/0.00) lat (ms,95%): 7.84 err/s: 0.00 reconn/s: 0.00
[ 10s ] thds: 10 tps: 2511.03 qps: 2511.03 (r/w/o: 2511.03/0.00/0.00) lat (ms,95%): 8.43 err/s: 0.00 reconn/s: 0.00
[ 12s ] thds: 10 tps: 2585.06 qps: 2585.06 (r/w/o: 2585.06/0.00/0.00) lat (ms,95%): 7.98 err/s: 0.00 reconn/s: 0.00
[ 14s ] thds: 10 tps: 2597.42 qps: 2597.42 (r/w/o: 2597.42/0.00/0.00) lat (ms,95%): 7.84 err/s: 0.00 reconn/s: 0.00
[ 16s ] thds: 10 tps: 2550.55 qps: 2550.55 (r/w/o: 2550.55/0.00/0.00) lat (ms,95%): 7.98 err/s: 0.00 reconn/s: 0.00
[ 18s ] thds: 10 tps: 2619.33 qps: 2619.33 (r/w/o: 2619.33/0.00/0.00) lat (ms,95%): 7.98 err/s: 0.00 reconn/s: 0.00
[ 20s ] thds: 10 tps: 2637.49 qps: 2637.49 (r/w/o: 2637.49/0.00/0.00) lat (ms,95%): 7.98 err/s: 0.00 reconn/s: 0.00
[ 22s ] thds: 10 tps: 2650.08 qps: 2650.58 (r/w/o: 2650.58/0.00/0.00) lat (ms,95%): 7.70 err/s: 0.00 reconn/s: 0.00
[ 24s ] thds: 10 tps: 2488.78 qps: 2488.28 (r/w/o: 2488.28/0.00/0.00) lat (ms,95%): 8.13 err/s: 0.00 reconn/s: 0.00
[ 26s ] thds: 10 tps: 2624.31 qps: 2624.31 (r/w/o: 2624.31/0.00/0.00) lat (ms,95%): 7.98 err/s: 0.00 reconn/s: 0.00
[ 28s ] thds: 10 tps: 2635.96 qps: 2635.96 (r/w/o: 2635.96/0.00/0.00) lat (ms,95%): 7.70 err/s: 0.00 reconn/s: 0.00
[ 30s ] thds: 10 tps: 2588.53 qps: 2588.53 (r/w/o: 2588.53/0.00/0.00) lat (ms,95%): 8.28 err/s: 0.00 reconn/s: 0.00
[ 32s ] thds: 10 tps: 2658.54 qps: 2658.54 (r/w/o: 2658.54/0.00/0.00) lat (ms,95%): 7.70 err/s: 0.00 reconn/s: 0.00
[ 34s ] thds: 10 tps: 2661.08 qps: 2661.08 (r/w/o: 2661.08/0.00/0.00) lat (ms,95%): 7.70 err/s: 0.00 reconn/s: 0.00
[ 36s ] thds: 10 tps: 2586.83 qps: 2586.83 (r/w/o: 2586.83/0.00/0.00) lat (ms,95%): 8.43 err/s: 0.00 reconn/s: 0.00
[ 38s ] thds: 10 tps: 2631.47 qps: 2631.47 (r/w/o: 2631.47/0.00/0.00) lat (ms,95%): 7.98 err/s: 0.00 reconn/s: 0.00
[ 40s ] thds: 10 tps: 2681.13 qps: 2681.13 (r/w/o: 2681.13/0.00/0.00) lat (ms,95%): 7.56 err/s: 0.00 reconn/s: 0.00
[ 42s ] thds: 10 tps: 2614.85 qps: 2614.85 (r/w/o: 2614.85/0.00/0.00) lat (ms,95%): 8.28 err/s: 0.00 reconn/s: 0.00
[ 44s ] thds: 10 tps: 2573.47 qps: 2573.97 (r/w/o: 2573.97/0.00/0.00) lat (ms,95%): 7.84 err/s: 0.00 reconn/s: 0.00
[ 46s ] thds: 10 tps: 2687.70 qps: 2687.20 (r/w/o: 2687.20/0.00/0.00) lat (ms,95%): 7.70 err/s: 0.00 reconn/s: 0.00
[ 48s ] thds: 10 tps: 2595.52 qps: 2595.52 (r/w/o: 2595.52/0.00/0.00) lat (ms,95%): 7.84 err/s: 0.00 reconn/s: 0.00
[ 50s ] thds: 10 tps: 2716.42 qps: 2716.42 (r/w/o: 2716.42/0.00/0.00) lat (ms,95%): 7.56 err/s: 0.00 reconn/s: 0.00
[ 52s ] thds: 10 tps: 2614.46 qps: 2614.46 (r/w/o: 2614.46/0.00/0.00) lat (ms,95%): 7.84 err/s: 0.00 reconn/s: 0.00
[ 54s ] thds: 10 tps: 2606.95 qps: 2606.95 (r/w/o: 2606.95/0.00/0.00) lat (ms,95%): 8.28 err/s: 0.00 reconn/s: 0.00
[ 56s ] thds: 10 tps: 2785.39 qps: 2785.39 (r/w/o: 2785.39/0.00/0.00) lat (ms,95%): 7.04 err/s: 0.00 reconn/s: 0.00
[ 58s ] thds: 10 tps: 2592.13 qps: 2592.13 (r/w/o: 2592.13/0.00/0.00) lat (ms,95%): 8.28 err/s: 0.00 reconn/s: 0.00
[ 60s ] thds: 10 tps: 2701.37 qps: 2701.37 (r/w/o: 2701.37/0.00/0.00) lat (ms,95%): 7.56 err/s: 0.00 reconn/s: 0.00
SQL statistics:
    queries performed:
        read:                            156196
        write:                           0
        other:                           0
        total:                           156196
    transactions:                        156196 (2601.81 per sec.)
    queries:                             156196 (2601.81 per sec.)
    ignored errors:                      0      (0.00 per sec.)
    reconnects:                          0      (0.00 per sec.)

General statistics:
    total time:                          60.0310s
    total number of events:              156196

Latency (ms):
         min:                                    1.69
         avg:                                    3.83
         max:                                  343.83
         95th percentile:                        7.98
         sum:                               597455.09

Threads fairness:
    events (avg/stddev):           15619.6000/559.53
    execution time (avg/stddev):   59.7455/0.01

