sysbench: /home/rili/extract/opengauss_rvv/opt/opengauss/lib/libpq.so.5: no version information available (required by sysbench)
sysbench 1.0.20 (using system LuaJIT 2.1.ROLLING)

Running the test with following options:
Number of threads: 4
Report intermediate results every 2 second(s)
Initializing random number generator from current time


Initializing worker threads...

Threads started!

[ 2s ] thds: 4 tps: 1327.23 qps: 1327.23 (r/w/o: 1327.23/0.00/0.00) lat (ms,95%): 3.75 err/s: 0.00 reconn/s: 0.00
[ 4s ] thds: 4 tps: 1539.44 qps: 1539.44 (r/w/o: 1539.44/0.00/0.00) lat (ms,95%): 3.43 err/s: 0.00 reconn/s: 0.00
[ 6s ] thds: 4 tps: 1489.50 qps: 1489.50 (r/w/o: 1489.50/0.00/0.00) lat (ms,95%): 3.75 err/s: 0.00 reconn/s: 0.00
[ 8s ] thds: 4 tps: 1497.01 qps: 1497.01 (r/w/o: 1497.01/0.00/0.00) lat (ms,95%): 3.36 err/s: 0.00 reconn/s: 0.00
[ 10s ] thds: 4 tps: 1483.49 qps: 1483.49 (r/w/o: 1483.49/0.00/0.00) lat (ms,95%): 3.43 err/s: 0.00 reconn/s: 0.00
[ 12s ] thds: 4 tps: 1479.34 qps: 1479.34 (r/w/o: 1479.34/0.00/0.00) lat (ms,95%): 3.55 err/s: 0.00 reconn/s: 0.00
[ 14s ] thds: 4 tps: 1497.46 qps: 1497.46 (r/w/o: 1497.46/0.00/0.00) lat (ms,95%): 3.68 err/s: 0.00 reconn/s: 0.00
[ 16s ] thds: 4 tps: 1506.71 qps: 1506.71 (r/w/o: 1506.71/0.00/0.00) lat (ms,95%): 3.68 err/s: 0.00 reconn/s: 0.00
[ 18s ] thds: 4 tps: 1476.97 qps: 1476.97 (r/w/o: 1476.97/0.00/0.00) lat (ms,95%): 3.75 err/s: 0.00 reconn/s: 0.00
[ 20s ] thds: 4 tps: 1506.05 qps: 1506.05 (r/w/o: 1506.05/0.00/0.00) lat (ms,95%): 3.49 err/s: 0.00 reconn/s: 0.00
[ 22s ] thds: 4 tps: 1525.38 qps: 1525.38 (r/w/o: 1525.38/0.00/0.00) lat (ms,95%): 3.36 err/s: 0.00 reconn/s: 0.00
[ 24s ] thds: 4 tps: 1476.95 qps: 1477.45 (r/w/o: 1477.45/0.00/0.00) lat (ms,95%): 3.68 err/s: 0.00 reconn/s: 0.00
[ 26s ] thds: 4 tps: 1482.12 qps: 1481.62 (r/w/o: 1481.62/0.00/0.00) lat (ms,95%): 3.49 err/s: 0.00 reconn/s: 0.00
[ 28s ] thds: 4 tps: 1498.86 qps: 1498.86 (r/w/o: 1498.86/0.00/0.00) lat (ms,95%): 3.75 err/s: 0.00 reconn/s: 0.00
[ 30s ] thds: 4 tps: 1482.00 qps: 1482.00 (r/w/o: 1482.00/0.00/0.00) lat (ms,95%): 3.62 err/s: 0.00 reconn/s: 0.00
[ 32s ] thds: 4 tps: 1456.55 qps: 1456.55 (r/w/o: 1456.55/0.00/0.00) lat (ms,95%): 3.75 err/s: 0.00 reconn/s: 0.00
[ 34s ] thds: 4 tps: 1500.89 qps: 1500.89 (r/w/o: 1500.89/0.00/0.00) lat (ms,95%): 3.43 err/s: 0.00 reconn/s: 0.00
[ 36s ] thds: 4 tps: 1519.19 qps: 1519.19 (r/w/o: 1519.19/0.00/0.00) lat (ms,95%): 3.13 err/s: 0.00 reconn/s: 0.00
[ 38s ] thds: 4 tps: 1460.98 qps: 1460.98 (r/w/o: 1460.98/0.00/0.00) lat (ms,95%): 3.55 err/s: 0.00 reconn/s: 0.00
[ 40s ] thds: 4 tps: 1483.02 qps: 1483.52 (r/w/o: 1483.52/0.00/0.00) lat (ms,95%): 3.68 err/s: 0.00 reconn/s: 0.00
[ 42s ] thds: 4 tps: 1525.18 qps: 1524.68 (r/w/o: 1524.68/0.00/0.00) lat (ms,95%): 3.07 err/s: 0.00 reconn/s: 0.00
[ 44s ] thds: 4 tps: 1496.30 qps: 1496.30 (r/w/o: 1496.30/0.00/0.00) lat (ms,95%): 3.49 err/s: 0.00 reconn/s: 0.00
[ 46s ] thds: 4 tps: 1489.97 qps: 1489.97 (r/w/o: 1489.97/0.00/0.00) lat (ms,95%): 3.43 err/s: 0.00 reconn/s: 0.00
[ 48s ] thds: 4 tps: 1491.02 qps: 1491.02 (r/w/o: 1491.02/0.00/0.00) lat (ms,95%): 3.49 err/s: 0.00 reconn/s: 0.00
[ 50s ] thds: 4 tps: 1568.03 qps: 1568.03 (r/w/o: 1568.03/0.00/0.00) lat (ms,95%): 3.13 err/s: 0.00 reconn/s: 0.00
[ 52s ] thds: 4 tps: 1495.42 qps: 1495.42 (r/w/o: 1495.42/0.00/0.00) lat (ms,95%): 3.36 err/s: 0.00 reconn/s: 0.00
[ 54s ] thds: 4 tps: 1487.58 qps: 1487.58 (r/w/o: 1487.58/0.00/0.00) lat (ms,95%): 3.43 err/s: 0.00 reconn/s: 0.00
[ 56s ] thds: 4 tps: 1486.14 qps: 1486.14 (r/w/o: 1486.14/0.00/0.00) lat (ms,95%): 3.36 err/s: 0.00 reconn/s: 0.00
[ 58s ] thds: 4 tps: 1505.82 qps: 1505.82 (r/w/o: 1505.82/0.00/0.00) lat (ms,95%): 3.30 err/s: 0.00 reconn/s: 0.00
[ 60s ] thds: 4 tps: 1488.34 qps: 1488.34 (r/w/o: 1488.34/0.00/0.00) lat (ms,95%): 3.55 err/s: 0.00 reconn/s: 0.00
SQL statistics:
    queries performed:
        read:                            89453
        write:                           0
        other:                           0
        total:                           89453
    transactions:                        89453  (1490.57 per sec.)
    queries:                             89453  (1490.57 per sec.)
    ignored errors:                      0      (0.00 per sec.)
    reconnects:                          0      (0.00 per sec.)

General statistics:
    total time:                          60.0099s
    total number of events:              89453

Latency (ms):
         min:                                    1.63
         avg:                                    2.67
         max:                                  219.69
         95th percentile:                        3.49
         sum:                               238730.76

Threads fairness:
    events (avg/stddev):           22363.2500/44.55
    execution time (avg/stddev):   59.6827/0.01

