sysbench: /home/rili/extract/opengauss_rvv/opt/opengauss/lib/libpq.so.5: no version information available (required by sysbench)
sysbench 1.0.20 (using system LuaJIT 2.1.ROLLING)

Running the test with following options:
Number of threads: 4
Report intermediate results every 2 second(s)
Initializing random number generator from current time


Initializing worker threads...

Threads started!

[ 2s ] thds: 4 tps: 1370.05 qps: 1370.05 (r/w/o: 1370.05/0.00/0.00) lat (ms,95%): 3.62 err/s: 0.00 reconn/s: 0.00
[ 4s ] thds: 4 tps: 1523.29 qps: 1523.29 (r/w/o: 1523.29/0.00/0.00) lat (ms,95%): 3.36 err/s: 0.00 reconn/s: 0.00
[ 6s ] thds: 4 tps: 1544.06 qps: 1544.06 (r/w/o: 1544.06/0.00/0.00) lat (ms,95%): 3.25 err/s: 0.00 reconn/s: 0.00
[ 8s ] thds: 4 tps: 1496.74 qps: 1496.74 (r/w/o: 1496.74/0.00/0.00) lat (ms,95%): 3.62 err/s: 0.00 reconn/s: 0.00
[ 10s ] thds: 4 tps: 1531.76 qps: 1531.76 (r/w/o: 1531.76/0.00/0.00) lat (ms,95%): 3.30 err/s: 0.00 reconn/s: 0.00
[ 12s ] thds: 4 tps: 1530.74 qps: 1532.74 (r/w/o: 1532.74/0.00/0.00) lat (ms,95%): 3.43 err/s: 0.00 reconn/s: 0.00
[ 14s ] thds: 4 tps: 1495.28 qps: 1493.27 (r/w/o: 1493.27/0.00/0.00) lat (ms,95%): 3.49 err/s: 0.00 reconn/s: 0.00
[ 16s ] thds: 4 tps: 1528.35 qps: 1528.35 (r/w/o: 1528.35/0.00/0.00) lat (ms,95%): 3.19 err/s: 0.00 reconn/s: 0.00
[ 18s ] thds: 4 tps: 1560.60 qps: 1560.60 (r/w/o: 1560.60/0.00/0.00) lat (ms,95%): 3.13 err/s: 0.00 reconn/s: 0.00
[ 20s ] thds: 4 tps: 1512.51 qps: 1512.51 (r/w/o: 1512.51/0.00/0.00) lat (ms,95%): 3.55 err/s: 0.00 reconn/s: 0.00
[ 22s ] thds: 4 tps: 1530.47 qps: 1530.47 (r/w/o: 1530.47/0.00/0.00) lat (ms,95%): 3.30 err/s: 0.00 reconn/s: 0.00
[ 24s ] thds: 4 tps: 1554.07 qps: 1554.07 (r/w/o: 1554.07/0.00/0.00) lat (ms,95%): 3.07 err/s: 0.00 reconn/s: 0.00
[ 26s ] thds: 4 tps: 1514.02 qps: 1514.02 (r/w/o: 1514.02/0.00/0.00) lat (ms,95%): 3.36 err/s: 0.00 reconn/s: 0.00
[ 28s ] thds: 4 tps: 1549.21 qps: 1549.21 (r/w/o: 1549.21/0.00/0.00) lat (ms,95%): 3.13 err/s: 0.00 reconn/s: 0.00
[ 30s ] thds: 4 tps: 1547.73 qps: 1547.73 (r/w/o: 1547.73/0.00/0.00) lat (ms,95%): 3.07 err/s: 0.00 reconn/s: 0.00
[ 32s ] thds: 4 tps: 1524.90 qps: 1524.90 (r/w/o: 1524.90/0.00/0.00) lat (ms,95%): 3.25 err/s: 0.00 reconn/s: 0.00
[ 34s ] thds: 4 tps: 1549.65 qps: 1549.65 (r/w/o: 1549.65/0.00/0.00) lat (ms,95%): 3.13 err/s: 0.00 reconn/s: 0.00
[ 36s ] thds: 4 tps: 1533.65 qps: 1533.65 (r/w/o: 1533.65/0.00/0.00) lat (ms,95%): 3.19 err/s: 0.00 reconn/s: 0.00
[ 38s ] thds: 4 tps: 1519.34 qps: 1519.34 (r/w/o: 1519.34/0.00/0.00) lat (ms,95%): 3.43 err/s: 0.00 reconn/s: 0.00
[ 40s ] thds: 4 tps: 1556.00 qps: 1556.00 (r/w/o: 1556.00/0.00/0.00) lat (ms,95%): 3.13 err/s: 0.00 reconn/s: 0.00
[ 42s ] thds: 4 tps: 1529.45 qps: 1529.45 (r/w/o: 1529.45/0.00/0.00) lat (ms,95%): 3.30 err/s: 0.00 reconn/s: 0.00
[ 44s ] thds: 4 tps: 1523.05 qps: 1523.05 (r/w/o: 1523.05/0.00/0.00) lat (ms,95%): 3.25 err/s: 0.00 reconn/s: 0.00
[ 46s ] thds: 4 tps: 1566.50 qps: 1566.50 (r/w/o: 1566.50/0.00/0.00) lat (ms,95%): 3.02 err/s: 0.00 reconn/s: 0.00
[ 48s ] thds: 4 tps: 1515.49 qps: 1515.49 (r/w/o: 1515.49/0.00/0.00) lat (ms,95%): 3.30 err/s: 0.00 reconn/s: 0.00
[ 50s ] thds: 4 tps: 1503.97 qps: 1503.97 (r/w/o: 1503.97/0.00/0.00) lat (ms,95%): 3.49 err/s: 0.00 reconn/s: 0.00
[ 52s ] thds: 4 tps: 1553.52 qps: 1553.52 (r/w/o: 1553.52/0.00/0.00) lat (ms,95%): 2.97 err/s: 0.00 reconn/s: 0.00
[ 54s ] thds: 4 tps: 1528.47 qps: 1528.47 (r/w/o: 1528.47/0.00/0.00) lat (ms,95%): 3.36 err/s: 0.00 reconn/s: 0.00
[ 56s ] thds: 4 tps: 1529.41 qps: 1529.41 (r/w/o: 1529.41/0.00/0.00) lat (ms,95%): 3.43 err/s: 0.00 reconn/s: 0.00
[ 58s ] thds: 4 tps: 1539.60 qps: 1539.60 (r/w/o: 1539.60/0.00/0.00) lat (ms,95%): 3.25 err/s: 0.00 reconn/s: 0.00
[ 60s ] thds: 4 tps: 1523.88 qps: 1523.88 (r/w/o: 1523.88/0.00/0.00) lat (ms,95%): 3.36 err/s: 0.00 reconn/s: 0.00
SQL statistics:
    queries performed:
        read:                            91579
        write:                           0
        other:                           0
        total:                           91579
    transactions:                        91579  (1525.85 per sec.)
    queries:                             91579  (1525.85 per sec.)
    ignored errors:                      0      (0.00 per sec.)
    reconnects:                          0      (0.00 per sec.)

General statistics:
    total time:                          60.0156s
    total number of events:              91579

Latency (ms):
         min:                                    1.55
         avg:                                    2.61
         max:                                  197.95
         95th percentile:                        3.30
         sum:                               238707.77

Threads fairness:
    events (avg/stddev):           22894.7500/38.75
    execution time (avg/stddev):   59.6769/0.01

