[openeuler@openeuler-riscv64 ~]$ sysbench --db-driver=pgsql --report-interval=2 --oltp-table-size=100000 --oltp-tables-count=24 --threads=64 --time=60 --pgsql-host=127.0.0.1 --pgsql-port=5432 --pgsql-user=testuser --pgsql-password=openEuler12#$ --pgsql-db=testdb /usr/shar
e/sysbench/tests/include/oltp_legacy/oltp.lua run
sysbench 1.0.20 (using system LuaJIT 2.1.ROLLING)

Running the test with following options:
Number of threads: 64
Report intermediate results every 2 second(s)
Initializing random number generator from current time


Initializing worker threads...

Threads started!

[ 2s ] thds: 64 tps: 908.23 qps: 18469.12 (r/w/o: 12975.05/3646.67/1847.40) lat (ms,95%): 77.19 err/s: 0.49 reconn/s: 0.00
[ 4s ] thds: 64 tps: 1133.28 qps: 22709.17 (r/w/o: 15898.34/4542.24/2268.59) lat (ms,95%): 70.55 err/s: 0.51 reconn/s: 0.00
[ 6s ] thds: 64 tps: 1175.54 qps: 23535.38 (r/w/o: 16473.12/4709.18/2353.09) lat (ms,95%): 63.32 err/s: 0.50 reconn/s: 0.00
[ 8s ] thds: 64 tps: 1093.53 qps: 21849.17 (r/w/o: 15298.47/4363.14/2187.57) lat (ms,95%): 77.19 err/s: 0.00 reconn/s: 0.00
[ 10s ] thds: 64 tps: 1067.83 qps: 21403.96 (r/w/o: 14993.02/4273.31/2137.64) lat (ms,95%): 81.48 err/s: 0.49 reconn/s: 0.00
[ 12s ] thds: 64 tps: 913.50 qps: 18252.31 (r/w/o: 12764.69/3660.61/1827.01) lat (ms,95%): 287.38 err/s: 0.51 reconn/s: 0.00
[ 14s ] thds: 64 tps: 1138.09 qps: 22758.33 (r/w/o: 15933.28/4546.87/2278.18) lat (ms,95%): 70.55 err/s: 0.50 reconn/s: 0.00
[ 16s ] thds: 64 tps: 1183.26 qps: 23643.64 (r/w/o: 16549.10/4729.03/2365.52) lat (ms,95%): 64.47 err/s: 0.00 reconn/s: 0.00
[ 18s ] thds: 64 tps: 1135.01 qps: 22797.18 (r/w/o: 15971.12/4554.54/2271.53) lat (ms,95%): 70.55 err/s: 0.50 reconn/s: 0.00
[ 20s ] thds: 64 tps: 1157.61 qps: 23076.14 (r/w/o: 16140.99/4620.43/2314.72) lat (ms,95%): 69.29 err/s: 0.00 reconn/s: 0.00
[ 22s ] thds: 64 tps: 1112.28 qps: 22233.18 (r/w/o: 15561.48/4446.64/2225.06) lat (ms,95%): 74.46 err/s: 0.00 reconn/s: 0.00
[ 24s ] thds: 64 tps: 1151.87 qps: 23063.98 (r/w/o: 16148.74/4609.49/2305.75) lat (ms,95%): 70.55 err/s: 0.50 reconn/s: 0.00
[ 26s ] thds: 64 tps: 1147.43 qps: 22931.02 (r/w/o: 16049.95/4587.21/2293.85) lat (ms,95%): 69.29 err/s: 0.00 reconn/s: 0.00
[ 28s ] thds: 64 tps: 1145.66 qps: 22909.15 (r/w/o: 16040.21/4577.13/2291.82) lat (ms,95%): 70.55 err/s: 0.00 reconn/s: 0.00
[ 30s ] thds: 64 tps: 1176.85 qps: 23516.09 (r/w/o: 16454.97/4705.91/2355.20) lat (ms,95%): 65.65 err/s: 0.00 reconn/s: 0.00
[ 32s ] thds: 64 tps: 1138.65 qps: 22778.07 (r/w/o: 15942.65/4557.11/2278.31) lat (ms,95%): 71.83 err/s: 0.50 reconn/s: 0.00
[ 34s ] thds: 64 tps: 1131.28 qps: 22671.64 (r/w/o: 15874.95/4533.63/2263.06) lat (ms,95%): 70.55 err/s: 0.00 reconn/s: 0.00
[ 36s ] thds: 64 tps: 1139.27 qps: 22804.42 (r/w/o: 15974.31/4552.07/2278.04) lat (ms,95%): 74.46 err/s: 0.00 reconn/s: 0.00
[ 38s ] thds: 64 tps: 1179.87 qps: 23597.88 (r/w/o: 16508.17/4727.97/2361.74) lat (ms,95%): 65.65 err/s: 0.50 reconn/s: 0.00
[ 40s ] thds: 64 tps: 1127.22 qps: 22572.91 (r/w/o: 15799.59/4518.88/2254.44) lat (ms,95%): 75.82 err/s: 0.00 reconn/s: 0.00
[ 42s ] thds: 64 tps: 1179.72 qps: 23602.94 (r/w/o: 16530.10/4713.90/2358.95) lat (ms,95%): 65.65 err/s: 0.00 reconn/s: 0.00
[ 44s ] thds: 64 tps: 1146.00 qps: 22918.55 (r/w/o: 16038.03/4587.01/2293.51) lat (ms,95%): 70.55 err/s: 0.50 reconn/s: 0.00
[ 46s ] thds: 64 tps: 1157.01 qps: 23117.66 (r/w/o: 16189.10/4614.04/2314.51) lat (ms,95%): 68.05 err/s: 0.00 reconn/s: 0.00
[ 48s ] thds: 64 tps: 1205.76 qps: 24106.18 (r/w/o: 16869.63/4825.54/2411.02) lat (ms,95%): 63.32 err/s: 0.00 reconn/s: 0.00
[ 50s ] thds: 64 tps: 1138.44 qps: 22797.83 (r/w/o: 15967.67/4552.77/2277.39) lat (ms,95%): 69.29 err/s: 0.00 reconn/s: 0.00
[ 52s ] thds: 64 tps: 1140.39 qps: 22755.29 (r/w/o: 15918.43/4554.06/2282.79) lat (ms,95%): 71.83 err/s: 0.00 reconn/s: 0.00
[ 54s ] thds: 64 tps: 1139.00 qps: 22813.16 (r/w/o: 15974.22/4562.43/2276.51) lat (ms,95%): 69.29 err/s: 0.00 reconn/s: 0.00
[ 56s ] thds: 64 tps: 1196.97 qps: 23889.99 (r/w/o: 16713.71/4780.32/2395.96) lat (ms,95%): 65.65 err/s: 0.00 reconn/s: 0.00
[ 58s ] thds: 64 tps: 1139.29 qps: 22812.75 (r/w/o: 15972.02/4563.15/2277.57) lat (ms,95%): 70.55 err/s: 0.00 reconn/s: 0.00
[ 60s ] thds: 64 tps: 1167.62 qps: 23345.45 (r/w/o: 16338.22/4669.99/2337.24) lat (ms,95%): 68.05 err/s: 0.00 reconn/s: 0.00
SQL statistics:
    queries performed:
        read:                            952280
        write:                           272041
        other:                           136057
        total:                           1360378
    transactions:                        68009  (1128.35 per sec.)
    queries:                             1360378 (22570.22 per sec.)
    ignored errors:                      11     (0.18 per sec.)
    reconnects:                          0      (0.00 per sec.)

General statistics:
    total time:                          60.2661s
    total number of events:              68009

Latency (ms):
         min:                                   38.63
         avg:                                   56.49
         max:                                  421.75
         95th percentile:                       70.55
         sum:                              3842023.49

Threads fairness:
    events (avg/stddev):           1062.6406/24.58
    execution time (avg/stddev):   60.0316/0.03
