[openeuler@openeuler-riscv64 ~]$ sysbench --db-driver=pgsql --oltp-table-size=100000 --oltp-tables-count=24 --threads=1 --pgsql-host=127.0.0.1 --pgsql-port=5432 --pgsql-user=testuser --pgsql-password=openEuler12#$ --pgsql-db=testdb  /usr/share/sysbench/tests/include/oltp_legacy/parallel_prepare.lua run
sysbench 1.0.20 (using system LuaJIT 2.1.ROLLING)

Running the test with following options:
Number of threads: 1
Initializing random number generator from current time


Initializing worker threads...

Threads started!

thread prepare0
Creating table 'sbtest1'...
Inserting 100000 records into 'sbtest1'
Creating secondary indexes on 'sbtest1'...
Creating table 'sbtest2'...
Inserting 100000 records into 'sbtest2'
Creating secondary indexes on 'sbtest2'...
Creating table 'sbtest3'...
Inserting 100000 records into 'sbtest3'
Creating secondary indexes on 'sbtest3'...
Creating table 'sbtest4'...
Inserting 100000 records into 'sbtest4'
Creating secondary indexes on 'sbtest4'...
Creating table 'sbtest5'...
Inserting 100000 records into 'sbtest5'
Creating secondary indexes on 'sbtest5'...
Creating table 'sbtest6'...
Inserting 100000 records into 'sbtest6'
Creating secondary indexes on 'sbtest6'...
Creating table 'sbtest7'...
Inserting 100000 records into 'sbtest7'
Creating secondary indexes on 'sbtest7'...
Creating table 'sbtest8'...
Inserting 100000 records into 'sbtest8'
Creating secondary indexes on 'sbtest8'...
Creating table 'sbtest9'...
Inserting 100000 records into 'sbtest9'
Creating secondary indexes on 'sbtest9'...
Creating table 'sbtest10'...
Inserting 100000 records into 'sbtest10'
Creating secondary indexes on 'sbtest10'...
Creating table 'sbtest11'...
Inserting 100000 records into 'sbtest11'
Creating secondary indexes on 'sbtest11'...
Creating table 'sbtest12'...
Inserting 100000 records into 'sbtest12'
Creating secondary indexes on 'sbtest12'...
Creating table 'sbtest13'...
Inserting 100000 records into 'sbtest13'
Creating secondary indexes on 'sbtest13'...
Creating table 'sbtest14'...
Inserting 100000 records into 'sbtest14'
Creating secondary indexes on 'sbtest14'...
Creating table 'sbtest15'...
Inserting 100000 records into 'sbtest15'
Creating secondary indexes on 'sbtest15'...
Creating table 'sbtest16'...
Inserting 100000 records into 'sbtest16'
Creating secondary indexes on 'sbtest16'...
Creating table 'sbtest17'...
Inserting 100000 records into 'sbtest17'
Creating secondary indexes on 'sbtest17'...
Creating table 'sbtest18'...
Inserting 100000 records into 'sbtest18'
Creating secondary indexes on 'sbtest18'...
Creating table 'sbtest19'...
Inserting 100000 records into 'sbtest19'
Creating secondary indexes on 'sbtest19'...
Creating table 'sbtest20'...
Inserting 100000 records into 'sbtest20'
Creating secondary indexes on 'sbtest20'...
Creating table 'sbtest21'...
Inserting 100000 records into 'sbtest21'
Creating secondary indexes on 'sbtest21'...
Creating table 'sbtest22'...
Inserting 100000 records into 'sbtest22'
Creating secondary indexes on 'sbtest22'...
Creating table 'sbtest23'...
Inserting 100000 records into 'sbtest23'
Creating secondary indexes on 'sbtest23'...
Creating table 'sbtest24'...
Inserting 100000 records into 'sbtest24'
Creating secondary indexes on 'sbtest24'...
SQL statistics:
    queries performed:
        read:                            0
        write:                           912
        other:                           48
        total:                           960
    transactions:                        1      (0.00 per sec.)
    queries:                             960    (2.90 per sec.)
    ignored errors:                      0      (0.00 per sec.)
    reconnects:                          0      (0.00 per sec.)

General statistics:
    total time:                          330.4521s
    total number of events:              1

Latency (ms):
         min:                               330447.95
         avg:                               330447.95
         max:                               330447.95
         95th percentile:                   100000.00
         sum:                               330447.95

Threads fairness:
    events (avg/stddev):           1.0000/0.00
    execution time (avg/stddev):   330.4480/0.00

