[openeuler@openeuler-riscv64 ~]$ sysbench --db-driver=pgsql --report-interval=2 --oltp-table-size=100000 --oltp-tables-count=24 --threads=10 --time=60 --pgsql-host=127.0.0.1 --pgsql-port=5432 --pgsql-user=testuser --pgsql-password=openEuler12#$ -
-pgsql-db=testdb /usr/share/sysbench/tests/include/oltp_legacy/oltp.lua run
sysbench 1.0.20 (using system LuaJIT 2.1.ROLLING)

Running the test with following options:
Number of threads: 10
Report intermediate results every 2 second(s)
Initializing random number generator from current time


Initializing worker threads...

Threads started!

[ 2s ] thds: 10 tps: 309.76 qps: 6252.70 (r/w/o: 4385.71/1242.51/624.48) lat (ms,95%): 34.95 err/s: 0.00 reconn/s: 0.00
[ 4s ] thds: 10 tps: 332.75 qps: 6657.07 (r/w/o: 4660.05/1331.51/665.51) lat (ms,95%): 34.33 err/s: 0.00 reconn/s: 0.00
[ 6s ] thds: 10 tps: 324.53 qps: 6499.64 (r/w/o: 4552.45/1297.13/650.06) lat (ms,95%): 35.59 err/s: 0.50 reconn/s: 0.00
[ 8s ] thds: 10 tps: 332.51 qps: 6644.63 (r/w/o: 4649.59/1331.03/664.01) lat (ms,95%): 33.12 err/s: 0.00 reconn/s: 0.00
[ 10s ] thds: 10 tps: 332.99 qps: 6654.26 (r/w/o: 4656.33/1330.95/666.98) lat (ms,95%): 33.72 err/s: 0.00 reconn/s: 0.00
[ 12s ] thds: 10 tps: 324.51 qps: 6499.60 (r/w/o: 4552.57/1298.02/649.01) lat (ms,95%): 34.33 err/s: 0.00 reconn/s: 0.00
[ 14s ] thds: 10 tps: 333.51 qps: 6668.63 (r/w/o: 4667.09/1334.53/667.01) lat (ms,95%): 33.72 err/s: 0.00 reconn/s: 0.00
[ 16s ] thds: 10 tps: 324.82 qps: 6477.44 (r/w/o: 4530.01/1297.79/649.64) lat (ms,95%): 34.33 err/s: 0.00 reconn/s: 0.00
[ 18s ] thds: 10 tps: 328.18 qps: 6561.13 (r/w/o: 4593.54/1311.73/655.86) lat (ms,95%): 36.89 err/s: 0.00 reconn/s: 0.00
[ 20s ] thds: 10 tps: 335.49 qps: 6735.39 (r/w/o: 4718.92/1344.98/671.49) lat (ms,95%): 31.94 err/s: 0.00 reconn/s: 0.00
[ 22s ] thds: 10 tps: 331.51 qps: 6628.14 (r/w/o: 4641.60/1323.53/663.01) lat (ms,95%): 34.33 err/s: 0.00 reconn/s: 0.00
[ 24s ] thds: 10 tps: 336.49 qps: 6707.86 (r/w/o: 4689.40/1345.47/672.99) lat (ms,95%): 31.94 err/s: 0.00 reconn/s: 0.00
[ 26s ] thds: 10 tps: 338.87 qps: 6789.99 (r/w/o: 4755.24/1357.00/677.75) lat (ms,95%): 31.94 err/s: 0.00 reconn/s: 0.00
[ 28s ] thds: 10 tps: 333.13 qps: 6652.01 (r/w/o: 4652.76/1333.00/666.25) lat (ms,95%): 33.12 err/s: 0.00 reconn/s: 0.00
[ 30s ] thds: 10 tps: 326.43 qps: 6546.03 (r/w/o: 4585.47/1307.71/652.85) lat (ms,95%): 33.12 err/s: 0.00 reconn/s: 0.00
[ 32s ] thds: 10 tps: 329.41 qps: 6575.12 (r/w/o: 4599.18/1317.12/658.81) lat (ms,95%): 33.72 err/s: 0.00 reconn/s: 0.00
[ 34s ] thds: 10 tps: 339.17 qps: 6785.93 (r/w/o: 4754.40/1353.18/678.34) lat (ms,95%): 31.94 err/s: 0.00 reconn/s: 0.00
[ 36s ] thds: 10 tps: 333.20 qps: 6674.90 (r/w/o: 4672.23/1336.27/666.40) lat (ms,95%): 31.94 err/s: 0.00 reconn/s: 0.00
[ 38s ] thds: 10 tps: 337.83 qps: 6747.99 (r/w/o: 4721.02/1352.32/674.65) lat (ms,95%): 32.53 err/s: 0.00 reconn/s: 0.00
[ 40s ] thds: 10 tps: 335.00 qps: 6709.08 (r/w/o: 4702.56/1335.52/671.01) lat (ms,95%): 31.94 err/s: 0.00 reconn/s: 0.00
[ 42s ] thds: 10 tps: 334.88 qps: 6691.17 (r/w/o: 4681.37/1340.03/669.77) lat (ms,95%): 33.12 err/s: 0.00 reconn/s: 0.00
[ 44s ] thds: 10 tps: 331.59 qps: 6605.82 (r/w/o: 4616.77/1325.86/663.18) lat (ms,95%): 33.12 err/s: 0.00 reconn/s: 0.00
[ 46s ] thds: 10 tps: 330.48 qps: 6638.00 (r/w/o: 4651.65/1325.90/660.45) lat (ms,95%): 36.24 err/s: 0.00 reconn/s: 0.00
[ 48s ] thds: 10 tps: 336.55 qps: 6744.42 (r/w/o: 4725.14/1345.68/673.59) lat (ms,95%): 31.94 err/s: 0.00 reconn/s: 0.00
[ 50s ] thds: 10 tps: 337.01 qps: 6728.15 (r/w/o: 4707.10/1347.03/674.01) lat (ms,95%): 32.53 err/s: 0.00 reconn/s: 0.00
[ 52s ] thds: 10 tps: 332.57 qps: 6646.48 (r/w/o: 4651.03/1330.29/665.15) lat (ms,95%): 33.12 err/s: 0.00 reconn/s: 0.00
[ 54s ] thds: 10 tps: 333.61 qps: 6683.78 (r/w/o: 4680.59/1335.95/667.23) lat (ms,95%): 33.12 err/s: 0.00 reconn/s: 0.00
[ 56s ] thds: 10 tps: 326.45 qps: 6505.01 (r/w/o: 4546.31/1305.80/652.90) lat (ms,95%): 34.95 err/s: 0.00 reconn/s: 0.00
[ 58s ] thds: 10 tps: 333.98 qps: 6690.57 (r/w/o: 4688.70/1333.91/667.96) lat (ms,95%): 31.94 err/s: 0.00 reconn/s: 0.00
[ 60s ] thds: 10 tps: 332.89 qps: 6658.81 (r/w/o: 4660.46/1333.06/665.28) lat (ms,95%): 33.12 err/s: 0.00 reconn/s: 0.00
SQL statistics:
    queries performed:
        read:                            278796
        write:                           79654
        other:                           39828
        total:                           398278
    transactions:                        19913  (331.56 per sec.)
    queries:                             398278 (6631.51 per sec.)
    ignored errors:                      1      (0.02 per sec.)
    reconnects:                          0      (0.00 per sec.)

General statistics:
    total time:                          60.0473s
    total number of events:              19913

Latency (ms):
         min:                                   25.62
         avg:                                   30.13
         max:                                   99.91
         95th percentile:                       33.72
         sum:                               599938.70

Threads fairness:
    events (avg/stddev):           1991.3000/32.68
    execution time (avg/stddev):   59.9939/0.01
