sysbench 1.0.20 (using system LuaJIT 2.1.ROLLING)

Running the test with following options:
Number of threads: 10
Report intermediate results every 2 second(s)
Initializing random number generator from current time


Initializing worker threads...

Threads started!

[ 2s ] thds: 10 tps: 252.06 qps: 5097.58 (r/w/o: 3574.83/1013.68/509.07) lat (ms,95%): 44.98 err/s: 0.00 reconn/s: 0.00
[ 4s ] thds: 10 tps: 271.74 qps: 5424.71 (r/w/o: 3797.80/1083.93/542.97) lat (ms,95%): 43.39 err/s: 0.00 reconn/s: 0.00
[ 6s ] thds: 10 tps: 287.00 qps: 5745.49 (r/w/o: 4024.99/1146.00/574.50) lat (ms,95%): 38.25 err/s: 0.00 reconn/s: 0.00
[ 8s ] thds: 10 tps: 280.15 qps: 5616.44 (r/w/o: 3932.06/1124.09/560.30) lat (ms,95%): 40.37 err/s: 0.00 reconn/s: 0.00
[ 10s ] thds: 10 tps: 281.98 qps: 5622.09 (r/w/o: 3932.22/1126.42/563.46) lat (ms,95%): 40.37 err/s: 0.00 reconn/s: 0.00
[ 12s ] thds: 10 tps: 276.78 qps: 5535.61 (r/w/o: 3875.42/1106.63/553.56) lat (ms,95%): 41.85 err/s: 0.00 reconn/s: 0.00
[ 14s ] thds: 10 tps: 281.85 qps: 5646.11 (r/w/o: 3953.99/1127.91/564.21) lat (ms,95%): 40.37 err/s: 0.00 reconn/s: 0.00
[ 16s ] thds: 10 tps: 280.13 qps: 5618.08 (r/w/o: 3935.80/1122.02/560.26) lat (ms,95%): 41.85 err/s: 0.00 reconn/s: 0.00
[ 18s ] thds: 10 tps: 288.17 qps: 5751.42 (r/w/o: 4024.39/1150.68/576.34) lat (ms,95%): 38.25 err/s: 0.00 reconn/s: 0.00
[ 20s ] thds: 10 tps: 281.31 qps: 5616.72 (r/w/o: 3929.36/1125.24/562.12) lat (ms,95%): 40.37 err/s: 0.00 reconn/s: 0.00
[ 22s ] thds: 10 tps: 278.35 qps: 5575.02 (r/w/o: 3902.41/1115.40/557.20) lat (ms,95%): 43.39 err/s: 0.00 reconn/s: 0.00
[ 24s ] thds: 10 tps: 261.19 qps: 5225.28 (r/w/o: 3660.64/1042.27/522.38) lat (ms,95%): 44.17 err/s: 0.00 reconn/s: 0.00
[ 26s ] thds: 10 tps: 278.55 qps: 5556.90 (r/w/o: 3887.12/1112.68/557.10) lat (ms,95%): 42.61 err/s: 0.00 reconn/s: 0.00
[ 28s ] thds: 10 tps: 264.85 qps: 5291.03 (r/w/o: 3697.42/1064.40/529.20) lat (ms,95%): 42.61 err/s: 0.00 reconn/s: 0.00
[ 30s ] thds: 10 tps: 274.29 qps: 5517.24 (r/w/o: 3870.53/1097.64/549.07) lat (ms,95%): 41.10 err/s: 0.00 reconn/s: 0.00
[ 32s ] thds: 10 tps: 260.94 qps: 5211.28 (r/w/o: 3649.15/1040.76/521.38) lat (ms,95%): 41.85 err/s: 0.00 reconn/s: 0.00
[ 34s ] thds: 10 tps: 281.53 qps: 5641.19 (r/w/o: 3948.49/1129.14/563.57) lat (ms,95%): 40.37 err/s: 0.00 reconn/s: 0.00
[ 36s ] thds: 10 tps: 284.48 qps: 5681.65 (r/w/o: 3975.25/1137.43/568.96) lat (ms,95%): 39.65 err/s: 0.00 reconn/s: 0.00
[ 38s ] thds: 10 tps: 285.92 qps: 5704.83 (r/w/o: 3993.83/1139.17/571.83) lat (ms,95%): 38.25 err/s: 0.00 reconn/s: 0.00
[ 40s ] thds: 10 tps: 282.09 qps: 5642.29 (r/w/o: 3945.25/1132.86/564.18) lat (ms,95%): 39.65 err/s: 0.00 reconn/s: 0.00
[ 42s ] thds: 10 tps: 274.58 qps: 5478.08 (r/w/o: 3834.10/1094.81/549.16) lat (ms,95%): 41.85 err/s: 0.00 reconn/s: 0.00
[ 44s ] thds: 10 tps: 287.75 qps: 5775.98 (r/w/o: 4044.48/1156.50/575.00) lat (ms,95%): 38.94 err/s: 0.00 reconn/s: 0.00
[ 46s ] thds: 10 tps: 269.16 qps: 5382.78 (r/w/o: 3768.80/1075.16/538.83) lat (ms,95%): 40.37 err/s: 0.00 reconn/s: 0.00
[ 48s ] thds: 10 tps: 287.55 qps: 5745.59 (r/w/o: 4023.76/1146.72/575.11) lat (ms,95%): 38.94 err/s: 0.00 reconn/s: 0.00
[ 50s ] thds: 10 tps: 284.12 qps: 5671.50 (r/w/o: 3967.75/1135.50/568.25) lat (ms,95%): 38.94 err/s: 0.00 reconn/s: 0.00
[ 52s ] thds: 10 tps: 276.30 qps: 5540.49 (r/w/o: 3882.70/1105.70/552.10) lat (ms,95%): 43.39 err/s: 0.00 reconn/s: 0.00
[ 54s ] thds: 10 tps: 279.25 qps: 5592.91 (r/w/o: 3911.44/1122.47/558.99) lat (ms,95%): 40.37 err/s: 0.00 reconn/s: 0.00
[ 56s ] thds: 10 tps: 286.09 qps: 5695.68 (r/w/o: 3986.18/1137.33/572.17) lat (ms,95%): 42.61 err/s: 0.00 reconn/s: 0.00
[ 58s ] thds: 10 tps: 276.97 qps: 5559.82 (r/w/o: 3895.02/1110.86/553.93) lat (ms,95%): 39.65 err/s: 0.00 reconn/s: 0.00
[ 60s ] thds: 10 tps: 283.69 qps: 5651.19 (r/w/o: 3950.58/1133.74/566.87) lat (ms,95%): 41.10 err/s: 0.00 reconn/s: 0.00
SQL statistics:
    queries performed:
        read:                            233646
        write:                           66756
        other:                           33378
        total:                           333780
    transactions:                        16689  (277.83 per sec.)
    queries:                             333780 (5556.59 per sec.)
    ignored errors:                      0      (0.00 per sec.)
    reconnects:                          0      (0.00 per sec.)

General statistics:
    total time:                          60.0607s
    total number of events:              16689

Latency (ms):
         min:                                   29.58
         avg:                                   35.95
         max:                                  201.60
         95th percentile:                       41.10
         sum:                               599921.08

Threads fairness:
    events (avg/stddev):           1668.9000/15.25
    execution time (avg/stddev):   59.9921/0.02

