sysbench: /home/openeuler/opengauss_extract/opt/opengauss/lib/libpq.so.5: no version information available (required by sysbench)
sysbench 1.0.20 (using system LuaJIT 2.1.ROLLING)

Running the test with following options:
Number of threads: 10
Report intermediate results every 2 second(s)
Initializing random number generator from current time


Initializing worker threads...

Threads started!

[ 2s ] thds: 10 tps: 6634.04 qps: 6634.04 (r/w/o: 6634.04/0.00/0.00) lat (ms,95%): 1.58 err/s: 0.00 reconn/s: 0.00
[ 4s ] thds: 10 tps: 7123.22 qps: 7123.22 (r/w/o: 7123.22/0.00/0.00) lat (ms,95%): 1.55 err/s: 0.00 reconn/s: 0.00
[ 6s ] thds: 10 tps: 7039.35 qps: 7039.35 (r/w/o: 7039.35/0.00/0.00) lat (ms,95%): 1.61 err/s: 0.00 reconn/s: 0.00
[ 8s ] thds: 10 tps: 7083.45 qps: 7083.45 (r/w/o: 7083.45/0.00/0.00) lat (ms,95%): 1.55 err/s: 0.00 reconn/s: 0.00
[ 10s ] thds: 10 tps: 6931.23 qps: 6931.23 (r/w/o: 6931.23/0.00/0.00) lat (ms,95%): 1.61 err/s: 0.00 reconn/s: 0.00
[ 12s ] thds: 10 tps: 7001.88 qps: 7001.88 (r/w/o: 7001.88/0.00/0.00) lat (ms,95%): 1.58 err/s: 0.00 reconn/s: 0.00
[ 14s ] thds: 10 tps: 7185.80 qps: 7185.80 (r/w/o: 7185.80/0.00/0.00) lat (ms,95%): 1.52 err/s: 0.00 reconn/s: 0.00
[ 16s ] thds: 10 tps: 7079.31 qps: 7079.31 (r/w/o: 7079.31/0.00/0.00) lat (ms,95%): 1.58 err/s: 0.00 reconn/s: 0.00
[ 18s ] thds: 10 tps: 7134.48 qps: 7134.48 (r/w/o: 7134.48/0.00/0.00) lat (ms,95%): 1.55 err/s: 0.00 reconn/s: 0.00
[ 20s ] thds: 10 tps: 7151.97 qps: 7152.47 (r/w/o: 7152.47/0.00/0.00) lat (ms,95%): 1.52 err/s: 0.00 reconn/s: 0.00
[ 22s ] thds: 10 tps: 7250.06 qps: 7249.55 (r/w/o: 7249.55/0.00/0.00) lat (ms,95%): 1.55 err/s: 0.00 reconn/s: 0.00
[ 24s ] thds: 10 tps: 7201.33 qps: 7201.33 (r/w/o: 7201.33/0.00/0.00) lat (ms,95%): 1.55 err/s: 0.00 reconn/s: 0.00
[ 26s ] thds: 10 tps: 7147.62 qps: 7147.62 (r/w/o: 7147.62/0.00/0.00) lat (ms,95%): 1.52 err/s: 0.00 reconn/s: 0.00
[ 28s ] thds: 10 tps: 6945.95 qps: 6945.95 (r/w/o: 6945.95/0.00/0.00) lat (ms,95%): 1.61 err/s: 0.00 reconn/s: 0.00
[ 30s ] thds: 10 tps: 7316.59 qps: 7316.59 (r/w/o: 7316.59/0.00/0.00) lat (ms,95%): 1.52 err/s: 0.00 reconn/s: 0.00
[ 32s ] thds: 10 tps: 7161.10 qps: 7161.10 (r/w/o: 7161.10/0.00/0.00) lat (ms,95%): 1.52 err/s: 0.00 reconn/s: 0.00
[ 34s ] thds: 10 tps: 7214.88 qps: 7215.38 (r/w/o: 7215.38/0.00/0.00) lat (ms,95%): 1.52 err/s: 0.00 reconn/s: 0.00
[ 36s ] thds: 10 tps: 7246.65 qps: 7246.15 (r/w/o: 7246.15/0.00/0.00) lat (ms,95%): 1.50 err/s: 0.00 reconn/s: 0.00
[ 38s ] thds: 10 tps: 7185.66 qps: 7185.66 (r/w/o: 7185.66/0.00/0.00) lat (ms,95%): 1.55 err/s: 0.00 reconn/s: 0.00
[ 40s ] thds: 10 tps: 7115.45 qps: 7115.45 (r/w/o: 7115.45/0.00/0.00) lat (ms,95%): 1.55 err/s: 0.00 reconn/s: 0.00
[ 42s ] thds: 10 tps: 7236.10 qps: 7236.10 (r/w/o: 7236.10/0.00/0.00) lat (ms,95%): 1.50 err/s: 0.00 reconn/s: 0.00
[ 44s ] thds: 10 tps: 7181.72 qps: 7181.72 (r/w/o: 7181.72/0.00/0.00) lat (ms,95%): 1.55 err/s: 0.00 reconn/s: 0.00
[ 46s ] thds: 10 tps: 7247.23 qps: 7247.23 (r/w/o: 7247.23/0.00/0.00) lat (ms,95%): 1.50 err/s: 0.00 reconn/s: 0.00
[ 48s ] thds: 10 tps: 7309.20 qps: 7309.70 (r/w/o: 7309.70/0.00/0.00) lat (ms,95%): 1.50 err/s: 0.00 reconn/s: 0.00
[ 50s ] thds: 10 tps: 7025.55 qps: 7025.05 (r/w/o: 7025.05/0.00/0.00) lat (ms,95%): 1.58 err/s: 0.00 reconn/s: 0.00
[ 52s ] thds: 10 tps: 7100.13 qps: 7100.63 (r/w/o: 7100.63/0.00/0.00) lat (ms,95%): 1.55 err/s: 0.00 reconn/s: 0.00
[ 54s ] thds: 10 tps: 7201.55 qps: 7201.05 (r/w/o: 7201.05/0.00/0.00) lat (ms,95%): 1.52 err/s: 0.00 reconn/s: 0.00
[ 56s ] thds: 10 tps: 7128.31 qps: 7128.31 (r/w/o: 7128.31/0.00/0.00) lat (ms,95%): 1.55 err/s: 0.00 reconn/s: 0.00
[ 58s ] thds: 10 tps: 7238.19 qps: 7238.19 (r/w/o: 7238.19/0.00/0.00) lat (ms,95%): 1.52 err/s: 0.00 reconn/s: 0.00
[ 60s ] thds: 10 tps: 7263.51 qps: 7263.51 (r/w/o: 7263.51/0.00/0.00) lat (ms,95%): 1.52 err/s: 0.00 reconn/s: 0.00
SQL statistics:
    queries performed:
        read:                            428236
        write:                           0
        other:                           0
        total:                           428236
    transactions:                        428236 (7132.26 per sec.)
    queries:                             428236 (7132.26 per sec.)
    ignored errors:                      0      (0.00 per sec.)
    reconnects:                          0      (0.00 per sec.)

General statistics:
    total time:                          60.0342s
    total number of events:              428236

Latency (ms):
         min:                                    1.00
         avg:                                    1.39
         max:                                  129.54
         95th percentile:                        1.55
         sum:                               597023.35

Threads fairness:
    events (avg/stddev):           42823.6000/434.36
    execution time (avg/stddev):   59.7023/0.01

