sysbench: /home/openeuler/opengauss_extract/opt/opengauss/lib/libpq.so.5: no version information available (required by sysbench)
sysbench 1.0.20 (using system LuaJIT 2.1.ROLLING)

Running the test with following options:
Number of threads: 64
Report intermediate results every 2 second(s)
Initializing random number generator from current time


Initializing worker threads...

Threads started!

[ 2s ] thds: 64 tps: 24187.37 qps: 24187.37 (r/w/o: 24187.37/0.00/0.00) lat (ms,95%): 3.68 err/s: 0.00 reconn/s: 0.00
[ 4s ] thds: 64 tps: 32481.07 qps: 32481.07 (r/w/o: 32481.07/0.00/0.00) lat (ms,95%): 2.91 err/s: 0.00 reconn/s: 0.00
[ 6s ] thds: 64 tps: 31953.99 qps: 31953.99 (r/w/o: 31953.99/0.00/0.00) lat (ms,95%): 2.91 err/s: 0.00 reconn/s: 0.00
[ 8s ] thds: 64 tps: 30114.75 qps: 30114.75 (r/w/o: 30114.75/0.00/0.00) lat (ms,95%): 3.36 err/s: 0.00 reconn/s: 0.00
[ 10s ] thds: 64 tps: 32897.78 qps: 32897.78 (r/w/o: 32897.78/0.00/0.00) lat (ms,95%): 2.43 err/s: 0.00 reconn/s: 0.00
[ 12s ] thds: 64 tps: 30940.52 qps: 30940.52 (r/w/o: 30940.52/0.00/0.00) lat (ms,95%): 3.19 err/s: 0.00 reconn/s: 0.00
[ 14s ] thds: 64 tps: 30711.04 qps: 30715.04 (r/w/o: 30715.04/0.00/0.00) lat (ms,95%): 3.43 err/s: 0.00 reconn/s: 0.00
[ 16s ] thds: 64 tps: 33022.63 qps: 33018.64 (r/w/o: 33018.64/0.00/0.00) lat (ms,95%): 2.39 err/s: 0.00 reconn/s: 0.00
[ 18s ] thds: 64 tps: 31824.23 qps: 31824.23 (r/w/o: 31824.23/0.00/0.00) lat (ms,95%): 2.97 err/s: 0.00 reconn/s: 0.00
[ 20s ] thds: 64 tps: 33304.80 qps: 33304.80 (r/w/o: 33304.80/0.00/0.00) lat (ms,95%): 2.35 err/s: 0.00 reconn/s: 0.00
[ 22s ] thds: 64 tps: 32226.54 qps: 32226.54 (r/w/o: 32226.54/0.00/0.00) lat (ms,95%): 2.61 err/s: 0.00 reconn/s: 0.00
[ 24s ] thds: 64 tps: 33016.58 qps: 33016.58 (r/w/o: 33016.58/0.00/0.00) lat (ms,95%): 2.61 err/s: 0.00 reconn/s: 0.00
[ 26s ] thds: 64 tps: 32911.17 qps: 32911.17 (r/w/o: 32911.17/0.00/0.00) lat (ms,95%): 2.43 err/s: 0.00 reconn/s: 0.00
[ 28s ] thds: 64 tps: 32474.24 qps: 32474.24 (r/w/o: 32474.24/0.00/0.00) lat (ms,95%): 2.66 err/s: 0.00 reconn/s: 0.00
[ 30s ] thds: 64 tps: 32908.80 qps: 32909.79 (r/w/o: 32909.79/0.00/0.00) lat (ms,95%): 2.52 err/s: 0.00 reconn/s: 0.00
[ 32s ] thds: 64 tps: 32712.27 qps: 32711.27 (r/w/o: 32711.27/0.00/0.00) lat (ms,95%): 2.48 err/s: 0.00 reconn/s: 0.00
[ 34s ] thds: 64 tps: 32937.52 qps: 32937.52 (r/w/o: 32937.52/0.00/0.00) lat (ms,95%): 2.48 err/s: 0.00 reconn/s: 0.00
[ 36s ] thds: 64 tps: 33152.16 qps: 33152.16 (r/w/o: 33152.16/0.00/0.00) lat (ms,95%): 2.43 err/s: 0.00 reconn/s: 0.00
[ 38s ] thds: 64 tps: 32333.22 qps: 32333.22 (r/w/o: 32333.22/0.00/0.00) lat (ms,95%): 2.76 err/s: 0.00 reconn/s: 0.00
[ 40s ] thds: 64 tps: 33577.78 qps: 33577.78 (r/w/o: 33577.78/0.00/0.00) lat (ms,95%): 2.35 err/s: 0.00 reconn/s: 0.00
[ 42s ] thds: 64 tps: 32670.25 qps: 32670.75 (r/w/o: 32670.75/0.00/0.00) lat (ms,95%): 2.57 err/s: 0.00 reconn/s: 0.00
[ 44s ] thds: 64 tps: 32444.42 qps: 32444.42 (r/w/o: 32444.42/0.00/0.00) lat (ms,95%): 2.57 err/s: 0.00 reconn/s: 0.00
[ 46s ] thds: 64 tps: 33039.14 qps: 33040.63 (r/w/o: 33040.63/0.00/0.00) lat (ms,95%): 2.48 err/s: 0.00 reconn/s: 0.00
[ 48s ] thds: 64 tps: 32355.58 qps: 32353.57 (r/w/o: 32353.57/0.00/0.00) lat (ms,95%): 2.76 err/s: 0.00 reconn/s: 0.00
[ 50s ] thds: 64 tps: 33463.28 qps: 33463.28 (r/w/o: 33463.28/0.00/0.00) lat (ms,95%): 2.39 err/s: 0.00 reconn/s: 0.00
[ 52s ] thds: 64 tps: 32693.36 qps: 32693.36 (r/w/o: 32693.36/0.00/0.00) lat (ms,95%): 2.57 err/s: 0.00 reconn/s: 0.00
[ 54s ] thds: 64 tps: 32887.67 qps: 32887.67 (r/w/o: 32887.67/0.00/0.00) lat (ms,95%): 2.48 err/s: 0.00 reconn/s: 0.00
[ 56s ] thds: 64 tps: 32885.69 qps: 32886.19 (r/w/o: 32886.19/0.00/0.00) lat (ms,95%): 2.52 err/s: 0.00 reconn/s: 0.00
[ 58s ] thds: 64 tps: 32696.84 qps: 32696.84 (r/w/o: 32696.84/0.00/0.00) lat (ms,95%): 2.66 err/s: 0.00 reconn/s: 0.00
[ 60s ] thds: 64 tps: 33139.86 qps: 33139.36 (r/w/o: 33139.36/0.00/0.00) lat (ms,95%): 2.48 err/s: 0.00 reconn/s: 0.00
SQL statistics:
    queries performed:
        read:                            1936099
        write:                           0
        other:                           0
        total:                           1936099
    transactions:                        1936099 (32169.94 per sec.)
    queries:                             1936099 (32169.94 per sec.)
    ignored errors:                      0      (0.00 per sec.)
    reconnects:                          0      (0.00 per sec.)

General statistics:
    total time:                          60.1764s
    total number of events:              1936099

Latency (ms):
         min:                                    1.21
         avg:                                    1.97
         max:                                  397.78
         95th percentile:                        2.71
         sum:                              3819044.63

Threads fairness:
    events (avg/stddev):           30251.5469/311.46
    execution time (avg/stddev):   59.6726/0.01

