[rili@openeuler-riscv64 opengauss_install_c910]$ LD_PRELOAD=/usr/lib64/libpq.so.5 sysbench --db-driver=pgsql \
>   --report-interval=2 \
>   --oltp-table-size=100000 --oltp-tables-count=24 \
>   --threads=64 --time=60 \
>   --pgsql-host=127.0.0.1 --pgsql-port=5432 \
>   --pgsql-user=testuser --pgsql-password='openEuler12#$' \
>   --pgsql-db=testdb \
>   /usr/share/sysbench/tests/include/oltp_legacy/select.lua run
sysbench 1.0.20 (using system LuaJIT 2.1.ROLLING)

Running the test with following options:
Number of threads: 64
Report intermediate results every 2 second(s)
Initializing random number generator from current time


Initializing worker threads...

Threads started!


[ 2s ] thds: 64 tps: 21656.66 qps: 21656.66 (r/w/o: 21656.66/0.00/0.00) lat (ms,95%): 4.65 err/s: 0.00 reconn/s: 0.00
[ 4s ] thds: 64 tps: 23607.39 qps: 23607.39 (r/w/o: 23607.39/0.00/0.00) lat (ms,95%): 4.82 err/s: 0.00 reconn/s: 0.00
[ 6s ] thds: 64 tps: 22404.45 qps: 22404.45 (r/w/o: 22404.45/0.00/0.00) lat (ms,95%): 5.28 err/s: 0.00 reconn/s: 0.00
[ 8s ] thds: 64 tps: 19776.86 qps: 19776.86 (r/w/o: 19776.86/0.00/0.00) lat (ms,95%): 6.21 err/s: 0.00 reconn/s: 0.00
[ 10s ] thds: 64 tps: 21530.30 qps: 21530.30 (r/w/o: 21530.30/0.00/0.00) lat (ms,95%): 5.67 err/s: 0.00 reconn/s: 0.00
[ 12s ] thds: 64 tps: 19441.87 qps: 19441.87 (r/w/o: 19441.87/0.00/0.00) lat (ms,95%): 6.32 err/s: 0.00 reconn/s: 0.00
[ 14s ] thds: 64 tps: 20081.36 qps: 20081.36 (r/w/o: 20081.36/0.00/0.00) lat (ms,95%): 6.21 err/s: 0.00 reconn/s: 0.00
[ 16s ] thds: 64 tps: 21841.72 qps: 21841.72 (r/w/o: 21841.72/0.00/0.00) lat (ms,95%): 5.57 err/s: 0.00 reconn/s: 0.00
[ 18s ] thds: 64 tps: 20121.57 qps: 20122.07 (r/w/o: 20122.07/0.00/0.00) lat (ms,95%): 6.09 err/s: 0.00 reconn/s: 0.00
[ 20s ] thds: 64 tps: 21139.95 qps: 21139.95 (r/w/o: 21139.95/0.00/0.00) lat (ms,95%): 5.77 err/s: 0.00 reconn/s: 0.00
[ 22s ] thds: 64 tps: 20634.48 qps: 20633.98 (r/w/o: 20633.98/0.00/0.00) lat (ms,95%): 5.88 err/s: 0.00 reconn/s: 0.00
[ 24s ] thds: 64 tps: 19476.49 qps: 19476.49 (r/w/o: 19476.49/0.00/0.00) lat (ms,95%): 6.32 err/s: 0.00 reconn/s: 0.00
[ 26s ] thds: 64 tps: 20885.63 qps: 20885.63 (r/w/o: 20885.63/0.00/0.00) lat (ms,95%): 5.88 err/s: 0.00 reconn/s: 0.00
[ 28s ] thds: 64 tps: 19710.13 qps: 19710.13 (r/w/o: 19710.13/0.00/0.00) lat (ms,95%): 6.32 err/s: 0.00 reconn/s: 0.00
[ 30s ] thds: 64 tps: 20591.62 qps: 20591.62 (r/w/o: 20591.62/0.00/0.00) lat (ms,95%): 5.99 err/s: 0.00 reconn/s: 0.00
[ 32s ] thds: 64 tps: 20761.42 qps: 20761.42 (r/w/o: 20761.42/0.00/0.00) lat (ms,95%): 5.99 err/s: 0.00 reconn/s: 0.00
[ 34s ] thds: 64 tps: 19916.68 qps: 19916.68 (r/w/o: 19916.68/0.00/0.00) lat (ms,95%): 6.21 err/s: 0.00 reconn/s: 0.00
[ 36s ] thds: 64 tps: 20535.30 qps: 20535.30 (r/w/o: 20535.30/0.00/0.00) lat (ms,95%): 5.99 err/s: 0.00 reconn/s: 0.00
[ 38s ] thds: 64 tps: 20407.94 qps: 20407.94 (r/w/o: 20407.94/0.00/0.00) lat (ms,95%): 6.09 err/s: 0.00 reconn/s: 0.00
[ 40s ] thds: 64 tps: 20293.44 qps: 20293.44 (r/w/o: 20293.44/0.00/0.00) lat (ms,95%): 6.09 err/s: 0.00 reconn/s: 0.00
[ 42s ] thds: 64 tps: 19099.14 qps: 19099.63 (r/w/o: 19099.63/0.00/0.00) lat (ms,95%): 6.67 err/s: 0.00 reconn/s: 0.00
[ 44s ] thds: 64 tps: 19359.97 qps: 19359.46 (r/w/o: 19359.46/0.00/0.00) lat (ms,95%): 6.67 err/s: 0.00 reconn/s: 0.00
[ 46s ] thds: 64 tps: 19792.32 qps: 19792.32 (r/w/o: 19792.32/0.00/0.00) lat (ms,95%): 6.21 err/s: 0.00 reconn/s: 0.00
[ 48s ] thds: 64 tps: 20112.00 qps: 20112.00 (r/w/o: 20112.00/0.00/0.00) lat (ms,95%): 6.21 err/s: 0.00 reconn/s: 0.00
[ 50s ] thds: 64 tps: 20764.21 qps: 20764.21 (r/w/o: 20764.21/0.00/0.00) lat (ms,95%): 5.88 err/s: 0.00 reconn/s: 0.00
[ 52s ] thds: 64 tps: 20774.59 qps: 20774.59 (r/w/o: 20774.59/0.00/0.00) lat (ms,95%): 5.99 err/s: 0.00 reconn/s: 0.00
[ 54s ] thds: 64 tps: 19608.44 qps: 19608.94 (r/w/o: 19608.94/0.00/0.00) lat (ms,95%): 6.32 err/s: 0.00 reconn/s: 0.00
[ 56s ] thds: 64 tps: 20935.03 qps: 20935.03 (r/w/o: 20935.03/0.00/0.00) lat (ms,95%): 5.88 err/s: 0.00 reconn/s: 0.00
[ 58s ] thds: 64 tps: 20476.59 qps: 20476.59 (r/w/o: 20476.59/0.00/0.00) lat (ms,95%): 6.09 err/s: 0.00 reconn/s: 0.00
[ 60s ] thds: 64 tps: 19746.10 qps: 19745.60 (r/w/o: 19745.60/0.00/0.00) lat (ms,95%): 6.21 err/s: 0.00 reconn/s: 0.00
SQL statistics:
    queries performed:
        read:                            1231598
        write:                           0
        other:                           0
        total:                           1231598
    transactions:                        1231598 (20444.07 per sec.)
    queries:                             1231598 (20444.07 per sec.)
    ignored errors:                      0      (0.00 per sec.)
    reconnects:                          0      (0.00 per sec.)

General statistics:
    total time:                          60.2350s
    total number of events:              1231598

Latency (ms):
         min:                                    1.40
         avg:                                    3.11
         max:                                  295.67
         95th percentile:                        5.99
         sum:                              3826608.32

Threads fairness:
    events (avg/stddev):           19243.7188/383.70
    execution time (avg/stddev):   59.7908/0.01