sysbench 1.0.20 (using system LuaJIT 2.1.ROLLING)

Running the test with following options:
Number of threads: 10
Report intermediate results every 2 second(s)
Initializing random number generator from current time


Initializing worker threads...

Threads started!

[ 2s ] thds: 10 tps: 961.68 qps: 961.68 (r/w/o: 961.68/0.00/0.00) lat (ms,95%): 21.11 err/s: 0.00 reconn/s: 0.00
[ 4s ] thds: 10 tps: 1195.16 qps: 1195.16 (r/w/o: 1195.16/0.00/0.00) lat (ms,95%): 20.74 err/s: 0.00 reconn/s: 0.00
[ 6s ] thds: 10 tps: 1172.19 qps: 1172.19 (r/w/o: 1172.19/0.00/0.00) lat (ms,95%): 21.89 err/s: 0.00 reconn/s: 0.00
[ 8s ] thds: 10 tps: 1185.05 qps: 1185.05 (r/w/o: 1185.05/0.00/0.00) lat (ms,95%): 20.74 err/s: 0.00 reconn/s: 0.00
[ 10s ] thds: 10 tps: 1192.47 qps: 1192.47 (r/w/o: 1192.47/0.00/0.00) lat (ms,95%): 20.74 err/s: 0.00 reconn/s: 0.00
[ 12s ] thds: 10 tps: 1151.12 qps: 1151.12 (r/w/o: 1151.12/0.00/0.00) lat (ms,95%): 20.00 err/s: 0.00 reconn/s: 0.00
[ 14s ] thds: 10 tps: 1185.68 qps: 1185.68 (r/w/o: 1185.68/0.00/0.00) lat (ms,95%): 18.95 err/s: 0.00 reconn/s: 0.00
[ 16s ] thds: 10 tps: 1193.23 qps: 1193.23 (r/w/o: 1193.23/0.00/0.00) lat (ms,95%): 18.95 err/s: 0.00 reconn/s: 0.00
[ 18s ] thds: 10 tps: 1192.96 qps: 1192.96 (r/w/o: 1192.96/0.00/0.00) lat (ms,95%): 20.00 err/s: 0.00 reconn/s: 0.00
[ 20s ] thds: 10 tps: 1167.66 qps: 1167.66 (r/w/o: 1167.66/0.00/0.00) lat (ms,95%): 18.61 err/s: 0.00 reconn/s: 0.00
[ 22s ] thds: 10 tps: 1171.92 qps: 1171.92 (r/w/o: 1171.92/0.00/0.00) lat (ms,95%): 20.00 err/s: 0.00 reconn/s: 0.00
[ 24s ] thds: 10 tps: 1187.15 qps: 1187.15 (r/w/o: 1187.15/0.00/0.00) lat (ms,95%): 19.29 err/s: 0.00 reconn/s: 0.00
[ 26s ] thds: 10 tps: 1201.61 qps: 1201.61 (r/w/o: 1201.61/0.00/0.00) lat (ms,95%): 17.95 err/s: 0.00 reconn/s: 0.00
[ 28s ] thds: 10 tps: 1174.29 qps: 1174.29 (r/w/o: 1174.29/0.00/0.00) lat (ms,95%): 19.65 err/s: 0.00 reconn/s: 0.00
[ 30s ] thds: 10 tps: 1204.82 qps: 1204.82 (r/w/o: 1204.82/0.00/0.00) lat (ms,95%): 17.95 err/s: 0.00 reconn/s: 0.00
[ 32s ] thds: 10 tps: 1152.44 qps: 1152.44 (r/w/o: 1152.44/0.00/0.00) lat (ms,95%): 18.95 err/s: 0.00 reconn/s: 0.00
[ 34s ] thds: 10 tps: 1209.53 qps: 1209.53 (r/w/o: 1209.53/0.00/0.00) lat (ms,95%): 18.95 err/s: 0.00 reconn/s: 0.00
[ 36s ] thds: 10 tps: 1191.71 qps: 1191.71 (r/w/o: 1191.71/0.00/0.00) lat (ms,95%): 17.32 err/s: 0.00 reconn/s: 0.00
[ 38s ] thds: 10 tps: 1126.92 qps: 1126.92 (r/w/o: 1126.92/0.00/0.00) lat (ms,95%): 21.89 err/s: 0.00 reconn/s: 0.00
[ 40s ] thds: 10 tps: 1213.35 qps: 1213.35 (r/w/o: 1213.35/0.00/0.00) lat (ms,95%): 17.95 err/s: 0.00 reconn/s: 0.00
[ 42s ] thds: 10 tps: 1186.54 qps: 1187.05 (r/w/o: 1187.05/0.00/0.00) lat (ms,95%): 20.00 err/s: 0.00 reconn/s: 0.00
[ 44s ] thds: 10 tps: 1200.82 qps: 1200.32 (r/w/o: 1200.32/0.00/0.00) lat (ms,95%): 19.29 err/s: 0.00 reconn/s: 0.00
[ 46s ] thds: 10 tps: 1193.64 qps: 1193.64 (r/w/o: 1193.64/0.00/0.00) lat (ms,95%): 17.63 err/s: 0.00 reconn/s: 0.00
[ 48s ] thds: 10 tps: 1217.46 qps: 1217.46 (r/w/o: 1217.46/0.00/0.00) lat (ms,95%): 18.61 err/s: 0.00 reconn/s: 0.00
[ 50s ] thds: 10 tps: 1165.50 qps: 1165.50 (r/w/o: 1165.50/0.00/0.00) lat (ms,95%): 19.29 err/s: 0.00 reconn/s: 0.00
[ 52s ] thds: 10 tps: 1196.86 qps: 1196.86 (r/w/o: 1196.86/0.00/0.00) lat (ms,95%): 18.28 err/s: 0.00 reconn/s: 0.00
[ 54s ] thds: 10 tps: 1186.07 qps: 1186.07 (r/w/o: 1186.07/0.00/0.00) lat (ms,95%): 17.95 err/s: 0.00 reconn/s: 0.00
[ 56s ] thds: 10 tps: 1202.18 qps: 1202.18 (r/w/o: 1202.18/0.00/0.00) lat (ms,95%): 18.28 err/s: 0.00 reconn/s: 0.00
[ 58s ] thds: 10 tps: 1198.01 qps: 1198.51 (r/w/o: 1198.51/0.00/0.00) lat (ms,95%): 18.95 err/s: 0.00 reconn/s: 0.00
SQL statistics:
    queries performed:
        read:                            70827
        write:                           0
        other:                           0
        total:                           70827
    transactions:                        70827  (1179.09 per sec.)
    queries:                             70827  (1179.09 per sec.)
    ignored errors:                      0      (0.00 per sec.)
    reconnects:                          0      (0.00 per sec.)

General statistics:
    total time:                          60.0509s
    total number of events:              70827

Latency (ms):
         min:                                    2.42
         avg:                                    8.46
         max:                                  275.43
         95th percentile:                       19.29
         sum:                               598998.43

Threads fairness:
    events (avg/stddev):           7082.7000/280.72
    execution time (avg/stddev):   59.8998/0.01

