sysbench 1.0.20 (using system LuaJIT 2.1.ROLLING)

Running the test with following options:
Number of threads: 4
Report intermediate results every 2 second(s)
Initializing random number generator from current time


Initializing worker threads...

Threads started!

[ 2s ] thds: 4 tps: 35.43 qps: 715.45 (r/w/o: 501.40/141.73/72.32) lat (ms,95%): 155.80 err/s: 0.00 reconn/s: 0.00
[ 4s ] thds: 4 tps: 36.13 qps: 726.71 (r/w/o: 509.92/144.53/72.26) lat (ms,95%): 164.45 err/s: 0.00 reconn/s: 0.00
[ 6s ] thds: 4 tps: 38.29 qps: 783.50 (r/w/o: 549.34/157.09/77.07) lat (ms,95%): 134.90 err/s: 0.00 reconn/s: 0.00
[ 8s ] thds: 4 tps: 38.55 qps: 746.66 (r/w/o: 519.42/150.14/77.10) lat (ms,95%): 153.02 err/s: 0.00 reconn/s: 0.00
[ 10s ] thds: 4 tps: 35.57 qps: 735.43 (r/w/o: 518.01/146.29/71.14) lat (ms,95%): 155.80 err/s: 0.00 reconn/s: 0.00
[ 12s ] thds: 4 tps: 39.61 qps: 795.30 (r/w/o: 559.12/156.95/79.23) lat (ms,95%): 137.35 err/s: 0.00 reconn/s: 0.00
[ 14s ] thds: 4 tps: 36.30 qps: 712.05 (r/w/o: 496.74/142.71/72.60) lat (ms,95%): 158.63 err/s: 0.00 reconn/s: 0.00
[ 16s ] thds: 4 tps: 35.73 qps: 725.67 (r/w/o: 509.78/144.43/71.46) lat (ms,95%): 147.61 err/s: 0.00 reconn/s: 0.00
[ 18s ] thds: 4 tps: 33.95 qps: 678.90 (r/w/o: 474.73/136.28/67.89) lat (ms,95%): 189.93 err/s: 0.00 reconn/s: 0.00
[ 20s ] thds: 4 tps: 32.80 qps: 653.11 (r/w/o: 456.28/131.22/65.61) lat (ms,95%): 196.89 err/s: 0.00 reconn/s: 0.00
[ 22s ] thds: 4 tps: 37.16 qps: 732.70 (r/w/o: 511.74/146.64/74.32) lat (ms,95%): 161.51 err/s: 0.00 reconn/s: 0.00
[ 24s ] thds: 4 tps: 32.55 qps: 667.49 (r/w/o: 469.20/133.20/65.10) lat (ms,95%): 204.11 err/s: 0.00 reconn/s: 0.00
[ 26s ] thds: 4 tps: 37.41 qps: 733.14 (r/w/o: 510.70/147.63/74.81) lat (ms,95%): 155.80 err/s: 0.00 reconn/s: 0.00
[ 28s ] thds: 4 tps: 32.85 qps: 665.94 (r/w/o: 469.84/130.40/65.70) lat (ms,95%): 204.11 err/s: 0.00 reconn/s: 0.00
[ 30s ] thds: 4 tps: 35.35 qps: 710.54 (r/w/o: 495.94/143.90/70.71) lat (ms,95%): 147.61 err/s: 0.00 reconn/s: 0.00
[ 32s ] thds: 4 tps: 33.95 qps: 680.93 (r/w/o: 474.26/138.78/67.89) lat (ms,95%): 176.73 err/s: 0.00 reconn/s: 0.00
[ 34s ] thds: 4 tps: 33.46 qps: 663.55 (r/w/o: 466.87/129.77/66.91) lat (ms,95%): 183.21 err/s: 0.00 reconn/s: 0.00
[ 36s ] thds: 4 tps: 32.89 qps: 656.78 (r/w/o: 458.45/132.55/65.78) lat (ms,95%): 186.54 err/s: 0.00 reconn/s: 0.00
[ 38s ] thds: 4 tps: 32.84 qps: 652.74 (r/w/o: 457.71/129.35/65.67) lat (ms,95%): 200.47 err/s: 0.00 reconn/s: 0.00
[ 40s ] thds: 4 tps: 37.33 qps: 749.59 (r/w/o: 524.11/150.81/74.66) lat (ms,95%): 139.85 err/s: 0.00 reconn/s: 0.00
[ 42s ] thds: 4 tps: 33.04 qps: 662.74 (r/w/o: 465.52/131.15/66.07) lat (ms,95%): 193.38 err/s: 0.00 reconn/s: 0.00
[ 44s ] thds: 4 tps: 38.21 qps: 767.30 (r/w/o: 537.01/153.86/76.43) lat (ms,95%): 142.39 err/s: 0.00 reconn/s: 0.00
[ 46s ] thds: 4 tps: 33.53 qps: 664.53 (r/w/o: 463.87/133.61/67.05) lat (ms,95%): 196.89 err/s: 0.00 reconn/s: 0.00
[ 48s ] thds: 4 tps: 33.17 qps: 666.29 (r/w/o: 466.80/133.16/66.33) lat (ms,95%): 215.44 err/s: 0.00 reconn/s: 0.00
[ 50s ] thds: 4 tps: 39.42 qps: 774.20 (r/w/o: 540.73/155.65/77.82) lat (ms,95%): 142.39 err/s: 0.00 reconn/s: 0.00
[ 52s ] thds: 4 tps: 35.19 qps: 715.77 (r/w/o: 501.64/142.75/71.38) lat (ms,95%): 170.48 err/s: 0.00 reconn/s: 0.00
[ 54s ] thds: 4 tps: 37.47 qps: 739.75 (r/w/o: 516.85/147.95/74.95) lat (ms,95%): 155.80 err/s: 0.00 reconn/s: 0.00
[ 56s ] thds: 4 tps: 39.36 qps: 803.52 (r/w/o: 565.84/158.97/78.72) lat (ms,95%): 147.61 err/s: 0.00 reconn/s: 0.00
[ 58s ] thds: 4 tps: 37.46 qps: 738.78 (r/w/o: 514.50/149.35/74.93) lat (ms,95%): 153.02 err/s: 0.00 reconn/s: 0.00
[ 60s ] thds: 4 tps: 38.45 qps: 773.98 (r/w/o: 540.29/156.79/76.90) lat (ms,95%): 144.97 err/s: 0.00 reconn/s: 0.00
SQL statistics:
    queries performed:
        read:                            30128
        write:                           8608
        other:                           4304
        total:                           43040
    transactions:                        2152   (35.77 per sec.)
    queries:                             43040  (715.45 per sec.)
    ignored errors:                      0      (0.00 per sec.)
    reconnects:                          0      (0.00 per sec.)

General statistics:
    total time:                          60.1391s
    total number of events:              2152

Latency (ms):
         min:                                   69.64
         avg:                                  111.62
         max:                                  305.04
         95th percentile:                      170.48
         sum:                               240206.15

Threads fairness:
    events (avg/stddev):           538.0000/7.97
    execution time (avg/stddev):   60.0515/0.06

