sysbench: /home/openeuler/opengauss_install/opt/opengauss/lib/libpq.so.5: no version information available (required by sysbench)
sysbench 1.0.20 (using system LuaJIT 2.1.ROLLING)

Running the test with following options:
Number of threads: 4
Report intermediate results every 2 second(s)
Initializing random number generator from current time


Initializing worker threads...

Threads started!

[ 2s ] thds: 4 tps: 44.69 qps: 930.00 (r/w/o: 653.44/185.21/91.36) lat (ms,95%): 167.44 err/s: 0.00 reconn/s: 0.00
[ 4s ] thds: 4 tps: 58.97 qps: 1169.83 (r/w/o: 821.53/230.37/117.93) lat (ms,95%): 130.13 err/s: 0.00 reconn/s: 0.00
[ 6s ] thds: 4 tps: 63.78 qps: 1270.13 (r/w/o: 888.44/254.13/127.56) lat (ms,95%): 118.92 err/s: 0.00 reconn/s: 0.00
[ 8s ] thds: 4 tps: 44.57 qps: 883.42 (r/w/o: 614.49/179.79/89.14) lat (ms,95%): 167.44 err/s: 0.00 reconn/s: 0.00
[ 10s ] thds: 4 tps: 65.37 qps: 1307.39 (r/w/o: 916.67/259.98/130.74) lat (ms,95%): 106.75 err/s: 0.00 reconn/s: 0.00
[ 12s ] thds: 4 tps: 56.15 qps: 1138.06 (r/w/o: 797.64/228.11/112.30) lat (ms,95%): 150.29 err/s: 0.00 reconn/s: 0.00
[ 14s ] thds: 4 tps: 50.42 qps: 999.45 (r/w/o: 699.91/198.69/100.84) lat (ms,95%): 147.61 err/s: 0.00 reconn/s: 0.00
[ 16s ] thds: 4 tps: 60.68 qps: 1213.67 (r/w/o: 848.57/243.73/121.37) lat (ms,95%): 101.13 err/s: 0.00 reconn/s: 0.00
[ 18s ] thds: 4 tps: 57.00 qps: 1150.67 (r/w/o: 808.14/228.52/114.01) lat (ms,95%): 114.72 err/s: 0.00 reconn/s: 0.00
[ 20s ] thds: 4 tps: 48.83 qps: 973.21 (r/w/o: 678.21/197.33/97.67) lat (ms,95%): 116.80 err/s: 0.00 reconn/s: 0.00
[ 22s ] thds: 4 tps: 63.13 qps: 1260.58 (r/w/o: 881.80/252.52/126.26) lat (ms,95%): 118.92 err/s: 0.00 reconn/s: 0.00
[ 24s ] thds: 4 tps: 39.56 qps: 801.70 (r/w/o: 563.34/159.24/79.12) lat (ms,95%): 155.80 err/s: 0.00 reconn/s: 0.00
[ 26s ] thds: 4 tps: 59.28 qps: 1171.67 (r/w/o: 819.97/233.14/118.56) lat (ms,95%): 132.49 err/s: 0.00 reconn/s: 0.00
[ 28s ] thds: 4 tps: 62.67 qps: 1256.87 (r/w/o: 879.36/252.18/125.34) lat (ms,95%): 108.68 err/s: 0.00 reconn/s: 0.00
[ 30s ] thds: 4 tps: 56.22 qps: 1123.48 (r/w/o: 787.63/223.40/112.45) lat (ms,95%): 116.80 err/s: 0.00 reconn/s: 0.00
[ 32s ] thds: 4 tps: 68.35 qps: 1369.97 (r/w/o: 958.88/274.40/136.70) lat (ms,95%): 104.84 err/s: 0.00 reconn/s: 0.00
[ 34s ] thds: 4 tps: 72.23 qps: 1439.68 (r/w/o: 1006.28/288.93/144.47) lat (ms,95%): 86.00 err/s: 0.00 reconn/s: 0.00
[ 36s ] thds: 4 tps: 40.37 qps: 813.86 (r/w/o: 569.65/163.47/80.74) lat (ms,95%): 144.97 err/s: 0.00 reconn/s: 0.00
[ 38s ] thds: 4 tps: 61.64 qps: 1223.87 (r/w/o: 858.01/242.57/123.29) lat (ms,95%): 121.08 err/s: 0.00 reconn/s: 0.00
[ 40s ] thds: 4 tps: 63.58 qps: 1278.07 (r/w/o: 895.60/255.31/127.16) lat (ms,95%): 97.55 err/s: 0.00 reconn/s: 0.00
[ 42s ] thds: 4 tps: 56.20 qps: 1110.42 (r/w/o: 774.24/223.79/112.40) lat (ms,95%): 112.67 err/s: 0.00 reconn/s: 0.00
[ 44s ] thds: 4 tps: 52.78 qps: 1073.45 (r/w/o: 752.81/215.09/105.55) lat (ms,95%): 118.92 err/s: 0.00 reconn/s: 0.00
[ 46s ] thds: 4 tps: 65.47 qps: 1317.48 (r/w/o: 920.62/265.91/130.94) lat (ms,95%): 102.97 err/s: 0.00 reconn/s: 0.00
[ 48s ] thds: 4 tps: 53.22 qps: 1036.58 (r/w/o: 725.21/204.93/106.44) lat (ms,95%): 161.51 err/s: 0.00 reconn/s: 0.00
[ 50s ] thds: 4 tps: 53.65 qps: 1089.52 (r/w/o: 765.63/216.60/107.30) lat (ms,95%): 139.85 err/s: 0.00 reconn/s: 0.00
[ 52s ] thds: 4 tps: 68.41 qps: 1369.61 (r/w/o: 958.18/274.62/136.81) lat (ms,95%): 92.42 err/s: 0.00 reconn/s: 0.00
[ 54s ] thds: 4 tps: 50.48 qps: 1005.11 (r/w/o: 705.23/198.92/100.96) lat (ms,95%): 139.85 err/s: 0.00 reconn/s: 0.00
[ 56s ] thds: 4 tps: 59.04 qps: 1169.75 (r/w/o: 815.52/236.15/118.08) lat (ms,95%): 116.80 err/s: 0.00 reconn/s: 0.00
[ 58s ] thds: 4 tps: 48.03 qps: 972.14 (r/w/o: 683.95/192.13/96.06) lat (ms,95%): 223.34 err/s: 0.00 reconn/s: 0.00
[ 60s ] thds: 4 tps: 50.87 qps: 1025.33 (r/w/o: 716.63/206.96/101.73) lat (ms,95%): 132.49 err/s: 0.00 reconn/s: 0.00
SQL statistics:
    queries performed:
        read:                            47544
        write:                           13584
        other:                           6792
        total:                           67920
    transactions:                        3396   (56.55 per sec.)
    queries:                             67920  (1131.09 per sec.)
    ignored errors:                      0      (0.00 per sec.)
    reconnects:                          0      (0.00 per sec.)

General statistics:
    total time:                          60.0391s
    total number of events:              3396

Latency (ms):
         min:                                   40.43
         avg:                                   70.69
         max:                                  346.30
         95th percentile:                      127.81
         sum:                               240067.55

Threads fairness:
    events (avg/stddev):           849.0000/5.20
    execution time (avg/stddev):   60.0169/0.01

