sysbench: /home/openeuler/opengauss_install/opt/opengauss/lib/libpq.so.5: no version information available (required by sysbench)
sysbench 1.0.20 (using system LuaJIT 2.1.ROLLING)

Running the test with following options:
Number of threads: 10
Report intermediate results every 2 second(s)
Initializing random number generator from current time


Initializing worker threads...

Threads started!

[ 2s ] thds: 10 tps: 1018.12 qps: 1018.12 (r/w/o: 1018.12/0.00/0.00) lat (ms,95%): 20.74 err/s: 0.00 reconn/s: 0.00
[ 4s ] thds: 10 tps: 1536.06 qps: 1536.06 (r/w/o: 1536.06/0.00/0.00) lat (ms,95%): 12.98 err/s: 0.00 reconn/s: 0.00
[ 6s ] thds: 10 tps: 1650.66 qps: 1650.66 (r/w/o: 1650.66/0.00/0.00) lat (ms,95%): 11.87 err/s: 0.00 reconn/s: 0.00
[ 8s ] thds: 10 tps: 1509.26 qps: 1509.26 (r/w/o: 1509.26/0.00/0.00) lat (ms,95%): 12.08 err/s: 0.00 reconn/s: 0.00
[ 10s ] thds: 10 tps: 1544.68 qps: 1544.68 (r/w/o: 1544.68/0.00/0.00) lat (ms,95%): 14.73 err/s: 0.00 reconn/s: 0.00
[ 12s ] thds: 10 tps: 1454.68 qps: 1454.68 (r/w/o: 1454.68/0.00/0.00) lat (ms,95%): 12.98 err/s: 0.00 reconn/s: 0.00
[ 14s ] thds: 10 tps: 1567.42 qps: 1567.42 (r/w/o: 1567.42/0.00/0.00) lat (ms,95%): 12.08 err/s: 0.00 reconn/s: 0.00
[ 16s ] thds: 10 tps: 1624.88 qps: 1624.88 (r/w/o: 1624.88/0.00/0.00) lat (ms,95%): 11.65 err/s: 0.00 reconn/s: 0.00
[ 18s ] thds: 10 tps: 1502.89 qps: 1502.89 (r/w/o: 1502.89/0.00/0.00) lat (ms,95%): 12.30 err/s: 0.00 reconn/s: 0.00
[ 20s ] thds: 10 tps: 1712.15 qps: 1712.15 (r/w/o: 1712.15/0.00/0.00) lat (ms,95%): 11.04 err/s: 0.00 reconn/s: 0.00
[ 22s ] thds: 10 tps: 1537.74 qps: 1537.74 (r/w/o: 1537.74/0.00/0.00) lat (ms,95%): 11.65 err/s: 0.00 reconn/s: 0.00
[ 24s ] thds: 10 tps: 1506.10 qps: 1506.10 (r/w/o: 1506.10/0.00/0.00) lat (ms,95%): 13.22 err/s: 0.00 reconn/s: 0.00
[ 26s ] thds: 10 tps: 1573.90 qps: 1573.90 (r/w/o: 1573.90/0.00/0.00) lat (ms,95%): 12.30 err/s: 0.00 reconn/s: 0.00
[ 28s ] thds: 10 tps: 1555.34 qps: 1555.34 (r/w/o: 1555.34/0.00/0.00) lat (ms,95%): 12.75 err/s: 0.00 reconn/s: 0.00
[ 30s ] thds: 10 tps: 1562.48 qps: 1562.48 (r/w/o: 1562.48/0.00/0.00) lat (ms,95%): 12.08 err/s: 0.00 reconn/s: 0.00
[ 32s ] thds: 10 tps: 1538.29 qps: 1538.29 (r/w/o: 1538.29/0.00/0.00) lat (ms,95%): 12.30 err/s: 0.00 reconn/s: 0.00
[ 34s ] thds: 10 tps: 1211.02 qps: 1211.02 (r/w/o: 1211.02/0.00/0.00) lat (ms,95%): 16.12 err/s: 0.00 reconn/s: 0.00
[ 36s ] thds: 10 tps: 1403.40 qps: 1403.40 (r/w/o: 1403.40/0.00/0.00) lat (ms,95%): 13.22 err/s: 0.00 reconn/s: 0.00
[ 38s ] thds: 10 tps: 1663.86 qps: 1663.86 (r/w/o: 1663.86/0.00/0.00) lat (ms,95%): 11.45 err/s: 0.00 reconn/s: 0.00
[ 40s ] thds: 10 tps: 1548.16 qps: 1548.16 (r/w/o: 1548.16/0.00/0.00) lat (ms,95%): 12.52 err/s: 0.00 reconn/s: 0.00
[ 42s ] thds: 10 tps: 1530.89 qps: 1530.89 (r/w/o: 1530.89/0.00/0.00) lat (ms,95%): 12.30 err/s: 0.00 reconn/s: 0.00
[ 44s ] thds: 10 tps: 1648.19 qps: 1648.19 (r/w/o: 1648.19/0.00/0.00) lat (ms,95%): 11.45 err/s: 0.00 reconn/s: 0.00
[ 46s ] thds: 10 tps: 1588.01 qps: 1588.01 (r/w/o: 1588.01/0.00/0.00) lat (ms,95%): 12.30 err/s: 0.00 reconn/s: 0.00
[ 48s ] thds: 10 tps: 1606.92 qps: 1606.92 (r/w/o: 1606.92/0.00/0.00) lat (ms,95%): 12.52 err/s: 0.00 reconn/s: 0.00
[ 50s ] thds: 10 tps: 1602.18 qps: 1602.18 (r/w/o: 1602.18/0.00/0.00) lat (ms,95%): 11.65 err/s: 0.00 reconn/s: 0.00
[ 52s ] thds: 10 tps: 1385.83 qps: 1385.83 (r/w/o: 1385.83/0.00/0.00) lat (ms,95%): 13.70 err/s: 0.00 reconn/s: 0.00
[ 54s ] thds: 10 tps: 1403.55 qps: 1403.55 (r/w/o: 1403.55/0.00/0.00) lat (ms,95%): 13.70 err/s: 0.00 reconn/s: 0.00
[ 56s ] thds: 10 tps: 1442.00 qps: 1442.00 (r/w/o: 1442.00/0.00/0.00) lat (ms,95%): 12.98 err/s: 0.00 reconn/s: 0.00
[ 58s ] thds: 10 tps: 1595.02 qps: 1595.02 (r/w/o: 1595.02/0.00/0.00) lat (ms,95%): 12.30 err/s: 0.00 reconn/s: 0.00
SQL statistics:
    queries performed:
        read:                            91305
        write:                           0
        other:                           0
        total:                           91305
    transactions:                        91305  (1520.85 per sec.)
    queries:                             91305  (1520.85 per sec.)
    ignored errors:                      0      (0.00 per sec.)
    reconnects:                          0      (0.00 per sec.)

General statistics:
    total time:                          60.0269s
    total number of events:              91305

Latency (ms):
         min:                                    1.33
         avg:                                    6.56
         max:                                  819.57
         95th percentile:                       12.75
         sum:                               599202.57

Threads fairness:
    events (avg/stddev):           9130.5000/233.60
    execution time (avg/stddev):   59.9203/0.01

