sysbench 1.0.20 (using system LuaJIT 2.1.ROLLING)

Running the test with following options:
Number of threads: 4
Report intermediate results every 2 second(s)
Initializing random number generator from current time


Initializing worker threads...

Threads started!

[ 2s ] thds: 4 tps: 941.32 qps: 941.32 (r/w/o: 941.32/0.00/0.00) lat (ms,95%): 7.56 err/s: 0.00 reconn/s: 0.00
[ 4s ] thds: 4 tps: 1241.72 qps: 1241.72 (r/w/o: 1241.72/0.00/0.00) lat (ms,95%): 5.00 err/s: 0.00 reconn/s: 0.00
[ 6s ] thds: 4 tps: 1076.57 qps: 1076.57 (r/w/o: 1076.57/0.00/0.00) lat (ms,95%): 6.79 err/s: 0.00 reconn/s: 0.00
[ 8s ] thds: 4 tps: 1129.43 qps: 1129.43 (r/w/o: 1129.43/0.00/0.00) lat (ms,95%): 5.99 err/s: 0.00 reconn/s: 0.00
[ 10s ] thds: 4 tps: 1228.60 qps: 1228.60 (r/w/o: 1228.60/0.00/0.00) lat (ms,95%): 4.41 err/s: 0.00 reconn/s: 0.00
[ 12s ] thds: 4 tps: 1086.11 qps: 1086.11 (r/w/o: 1086.11/0.00/0.00) lat (ms,95%): 7.17 err/s: 0.00 reconn/s: 0.00
[ 14s ] thds: 4 tps: 1078.94 qps: 1078.94 (r/w/o: 1078.94/0.00/0.00) lat (ms,95%): 5.88 err/s: 0.00 reconn/s: 0.00
[ 16s ] thds: 4 tps: 1179.44 qps: 1179.44 (r/w/o: 1179.44/0.00/0.00) lat (ms,95%): 5.57 err/s: 0.00 reconn/s: 0.00
[ 18s ] thds: 4 tps: 1177.79 qps: 1177.79 (r/w/o: 1177.79/0.00/0.00) lat (ms,95%): 5.57 err/s: 0.00 reconn/s: 0.00
[ 20s ] thds: 4 tps: 1220.97 qps: 1220.97 (r/w/o: 1220.97/0.00/0.00) lat (ms,95%): 5.18 err/s: 0.00 reconn/s: 0.00
[ 22s ] thds: 4 tps: 1239.81 qps: 1239.81 (r/w/o: 1239.81/0.00/0.00) lat (ms,95%): 4.57 err/s: 0.00 reconn/s: 0.00
[ 24s ] thds: 4 tps: 1221.59 qps: 1221.59 (r/w/o: 1221.59/0.00/0.00) lat (ms,95%): 5.37 err/s: 0.00 reconn/s: 0.00
[ 26s ] thds: 4 tps: 1096.91 qps: 1096.91 (r/w/o: 1096.91/0.00/0.00) lat (ms,95%): 5.67 err/s: 0.00 reconn/s: 0.00
[ 28s ] thds: 4 tps: 1151.52 qps: 1151.52 (r/w/o: 1151.52/0.00/0.00) lat (ms,95%): 5.77 err/s: 0.00 reconn/s: 0.00
[ 30s ] thds: 4 tps: 1106.93 qps: 1106.93 (r/w/o: 1106.93/0.00/0.00) lat (ms,95%): 5.88 err/s: 0.00 reconn/s: 0.00
[ 32s ] thds: 4 tps: 1194.61 qps: 1194.61 (r/w/o: 1194.61/0.00/0.00) lat (ms,95%): 5.47 err/s: 0.00 reconn/s: 0.00
[ 34s ] thds: 4 tps: 1221.42 qps: 1221.42 (r/w/o: 1221.42/0.00/0.00) lat (ms,95%): 5.37 err/s: 0.00 reconn/s: 0.00
[ 36s ] thds: 4 tps: 1230.28 qps: 1230.28 (r/w/o: 1230.28/0.00/0.00) lat (ms,95%): 5.28 err/s: 0.00 reconn/s: 0.00
[ 38s ] thds: 4 tps: 1220.02 qps: 1220.02 (r/w/o: 1220.02/0.00/0.00) lat (ms,95%): 5.37 err/s: 0.00 reconn/s: 0.00
[ 40s ] thds: 4 tps: 1202.22 qps: 1202.22 (r/w/o: 1202.22/0.00/0.00) lat (ms,95%): 5.37 err/s: 0.00 reconn/s: 0.00
[ 42s ] thds: 4 tps: 1283.37 qps: 1283.37 (r/w/o: 1283.37/0.00/0.00) lat (ms,95%): 4.41 err/s: 0.00 reconn/s: 0.00
[ 44s ] thds: 4 tps: 1275.60 qps: 1275.60 (r/w/o: 1275.60/0.00/0.00) lat (ms,95%): 4.03 err/s: 0.00 reconn/s: 0.00
[ 46s ] thds: 4 tps: 1190.27 qps: 1190.27 (r/w/o: 1190.27/0.00/0.00) lat (ms,95%): 5.37 err/s: 0.00 reconn/s: 0.00
[ 48s ] thds: 4 tps: 1277.48 qps: 1277.48 (r/w/o: 1277.48/0.00/0.00) lat (ms,95%): 4.03 err/s: 0.00 reconn/s: 0.00
[ 50s ] thds: 4 tps: 1224.20 qps: 1224.20 (r/w/o: 1224.20/0.00/0.00) lat (ms,95%): 5.18 err/s: 0.00 reconn/s: 0.00
[ 52s ] thds: 4 tps: 1292.51 qps: 1292.51 (r/w/o: 1292.51/0.00/0.00) lat (ms,95%): 3.82 err/s: 0.00 reconn/s: 0.00
[ 54s ] thds: 4 tps: 1274.88 qps: 1274.88 (r/w/o: 1274.88/0.00/0.00) lat (ms,95%): 4.82 err/s: 0.00 reconn/s: 0.00
[ 56s ] thds: 4 tps: 1224.01 qps: 1224.01 (r/w/o: 1224.01/0.00/0.00) lat (ms,95%): 5.18 err/s: 0.00 reconn/s: 0.00
[ 58s ] thds: 4 tps: 1258.14 qps: 1258.14 (r/w/o: 1258.14/0.00/0.00) lat (ms,95%): 5.09 err/s: 0.00 reconn/s: 0.00
SQL statistics:
    queries performed:
        read:                            71332
        write:                           0
        other:                           0
        total:                           71332
    transactions:                        71332  (1187.94 per sec.)
    queries:                             71332  (1187.94 per sec.)
    ignored errors:                      0      (0.00 per sec.)
    reconnects:                          0      (0.00 per sec.)

General statistics:
    total time:                          60.0287s
    total number of events:              71332

Latency (ms):
         min:                                    2.20
         avg:                                    3.35
         max:                                  113.94
         95th percentile:                        5.47
         sum:                               238903.33

Threads fairness:
    events (avg/stddev):           17833.0000/109.59
    execution time (avg/stddev):   59.7258/0.00

