sysbench: /home/openeuler/opengauss_install/opt/opengauss/lib/libpq.so.5: no version information available (required by sysbench)
sysbench 1.0.20 (using system LuaJIT 2.1.ROLLING)

Running the test with following options:
Number of threads: 4
Report intermediate results every 2 second(s)
Initializing random number generator from current time


Initializing worker threads...

Threads started!

[ 2s ] thds: 4 tps: 1595.94 qps: 1595.94 (r/w/o: 1595.94/0.00/0.00) lat (ms,95%): 5.00 err/s: 0.00 reconn/s: 0.00
[ 4s ] thds: 4 tps: 1474.36 qps: 1474.36 (r/w/o: 1474.36/0.00/0.00) lat (ms,95%): 6.43 err/s: 0.00 reconn/s: 0.00
[ 6s ] thds: 4 tps: 1407.71 qps: 1407.71 (r/w/o: 1407.71/0.00/0.00) lat (ms,95%): 6.91 err/s: 0.00 reconn/s: 0.00
[ 8s ] thds: 4 tps: 1674.51 qps: 1674.51 (r/w/o: 1674.51/0.00/0.00) lat (ms,95%): 5.57 err/s: 0.00 reconn/s: 0.00
[ 10s ] thds: 4 tps: 1605.85 qps: 1605.85 (r/w/o: 1605.85/0.00/0.00) lat (ms,95%): 5.88 err/s: 0.00 reconn/s: 0.00
[ 12s ] thds: 4 tps: 1407.36 qps: 1407.36 (r/w/o: 1407.36/0.00/0.00) lat (ms,95%): 6.79 err/s: 0.00 reconn/s: 0.00
[ 14s ] thds: 4 tps: 1742.60 qps: 1742.60 (r/w/o: 1742.60/0.00/0.00) lat (ms,95%): 4.91 err/s: 0.00 reconn/s: 0.00
[ 16s ] thds: 4 tps: 1592.74 qps: 1592.74 (r/w/o: 1592.74/0.00/0.00) lat (ms,95%): 6.09 err/s: 0.00 reconn/s: 0.00
[ 18s ] thds: 4 tps: 1371.41 qps: 1371.41 (r/w/o: 1371.41/0.00/0.00) lat (ms,95%): 6.79 err/s: 0.00 reconn/s: 0.00
[ 20s ] thds: 4 tps: 1869.85 qps: 1869.85 (r/w/o: 1869.85/0.00/0.00) lat (ms,95%): 4.18 err/s: 0.00 reconn/s: 0.00
[ 22s ] thds: 4 tps: 1348.16 qps: 1348.16 (r/w/o: 1348.16/0.00/0.00) lat (ms,95%): 6.91 err/s: 0.00 reconn/s: 0.00
[ 24s ] thds: 4 tps: 1618.11 qps: 1618.11 (r/w/o: 1618.11/0.00/0.00) lat (ms,95%): 6.09 err/s: 0.00 reconn/s: 0.00
[ 26s ] thds: 4 tps: 1793.00 qps: 1793.00 (r/w/o: 1793.00/0.00/0.00) lat (ms,95%): 4.49 err/s: 0.00 reconn/s: 0.00
[ 28s ] thds: 4 tps: 1398.11 qps: 1398.11 (r/w/o: 1398.11/0.00/0.00) lat (ms,95%): 6.91 err/s: 0.00 reconn/s: 0.00
[ 30s ] thds: 4 tps: 1588.67 qps: 1588.67 (r/w/o: 1588.67/0.00/0.00) lat (ms,95%): 5.99 err/s: 0.00 reconn/s: 0.00
[ 32s ] thds: 4 tps: 1769.15 qps: 1769.15 (r/w/o: 1769.15/0.00/0.00) lat (ms,95%): 5.37 err/s: 0.00 reconn/s: 0.00
[ 34s ] thds: 4 tps: 1358.20 qps: 1358.20 (r/w/o: 1358.20/0.00/0.00) lat (ms,95%): 6.91 err/s: 0.00 reconn/s: 0.00
[ 36s ] thds: 4 tps: 1539.13 qps: 1539.13 (r/w/o: 1539.13/0.00/0.00) lat (ms,95%): 6.32 err/s: 0.00 reconn/s: 0.00
[ 38s ] thds: 4 tps: 1712.90 qps: 1712.90 (r/w/o: 1712.90/0.00/0.00) lat (ms,95%): 5.37 err/s: 0.00 reconn/s: 0.00
[ 40s ] thds: 4 tps: 1329.77 qps: 1330.27 (r/w/o: 1330.27/0.00/0.00) lat (ms,95%): 7.04 err/s: 0.00 reconn/s: 0.00
[ 42s ] thds: 4 tps: 1586.21 qps: 1585.71 (r/w/o: 1585.71/0.00/0.00) lat (ms,95%): 7.04 err/s: 0.00 reconn/s: 0.00
[ 44s ] thds: 4 tps: 1260.79 qps: 1260.79 (r/w/o: 1260.79/0.00/0.00) lat (ms,95%): 7.56 err/s: 0.00 reconn/s: 0.00
[ 46s ] thds: 4 tps: 1534.38 qps: 1534.38 (r/w/o: 1534.38/0.00/0.00) lat (ms,95%): 6.91 err/s: 0.00 reconn/s: 0.00
[ 48s ] thds: 4 tps: 1821.87 qps: 1821.87 (r/w/o: 1821.87/0.00/0.00) lat (ms,95%): 4.41 err/s: 0.00 reconn/s: 0.00
[ 50s ] thds: 4 tps: 1491.65 qps: 1491.65 (r/w/o: 1491.65/0.00/0.00) lat (ms,95%): 6.55 err/s: 0.00 reconn/s: 0.00
[ 52s ] thds: 4 tps: 1460.23 qps: 1460.23 (r/w/o: 1460.23/0.00/0.00) lat (ms,95%): 6.43 err/s: 0.00 reconn/s: 0.00
[ 54s ] thds: 4 tps: 1810.87 qps: 1810.87 (r/w/o: 1810.87/0.00/0.00) lat (ms,95%): 4.74 err/s: 0.00 reconn/s: 0.00
[ 56s ] thds: 4 tps: 1469.82 qps: 1469.82 (r/w/o: 1469.82/0.00/0.00) lat (ms,95%): 6.43 err/s: 0.00 reconn/s: 0.00
[ 58s ] thds: 4 tps: 1417.62 qps: 1417.62 (r/w/o: 1417.62/0.00/0.00) lat (ms,95%): 6.67 err/s: 0.00 reconn/s: 0.00
SQL statistics:
    queries performed:
        read:                            93729
        write:                           0
        other:                           0
        total:                           93729
    transactions:                        93729  (1561.43 per sec.)
    queries:                             93729  (1561.43 per sec.)
    ignored errors:                      0      (0.00 per sec.)
    reconnects:                          0      (0.00 per sec.)

General statistics:
    total time:                          60.0142s
    total number of events:              93729

Latency (ms):
         min:                                    1.23
         avg:                                    2.55
         max:                                  207.64
         95th percentile:                        6.09
         sum:                               239151.08

Threads fairness:
    events (avg/stddev):           23432.2500/171.99
    execution time (avg/stddev):   59.7878/0.00

