sysbench 1.0.20 (using system LuaJIT 2.1.ROLLING)

Running the test with following options:
Number of threads: 10
Report intermediate results every 2 second(s)
Initializing random number generator from current time


Initializing worker threads...

Threads started!

[ 2s ] thds: 10 tps: 323.13 qps: 6553.44 (r/w/o: 4591.71/1310.49/651.25) lat (ms,95%): 22.28 err/s: 0.00 reconn/s: 0.00
[ 4s ] thds: 10 tps: 9.50 qps: 194.03 (r/w/o: 135.02/40.01/19.00) lat (ms,95%): 995.51 err/s: 0.00 reconn/s: 0.00
[ 6s ] thds: 10 tps: 14.00 qps: 272.48 (r/w/o: 192.49/52.00/28.00) lat (ms,95%): 1191.92 err/s: 0.00 reconn/s: 0.00
[ 8s ] thds: 10 tps: 864.75 qps: 17289.03 (r/w/o: 12106.53/3453.01/1729.50) lat (ms,95%): 24.83 err/s: 0.00 reconn/s: 0.00
[ 10s ] thds: 10 tps: 1048.50 qps: 20979.59 (r/w/o: 14680.56/4202.02/2097.01) lat (ms,95%): 17.63 err/s: 0.00 reconn/s: 0.00
[ 12s ] thds: 10 tps: 925.49 qps: 18484.30 (r/w/o: 12943.86/3689.46/1850.98) lat (ms,95%): 24.83 err/s: 0.00 reconn/s: 0.00
[ 14s ] thds: 10 tps: 1141.48 qps: 22829.02 (r/w/o: 15983.66/4562.40/2282.95) lat (ms,95%): 18.61 err/s: 0.00 reconn/s: 0.00
[ 16s ] thds: 10 tps: 997.84 qps: 19986.71 (r/w/o: 13981.70/4009.34/1995.67) lat (ms,95%): 23.95 err/s: 0.00 reconn/s: 0.00
[ 18s ] thds: 10 tps: 524.60 qps: 10429.95 (r/w/o: 7300.37/2080.39/1049.20) lat (ms,95%): 20.00 err/s: 0.00 reconn/s: 0.00
[ 20s ] thds: 10 tps: 1128.97 qps: 22599.84 (r/w/o: 15828.04/4513.87/2257.93) lat (ms,95%): 20.37 err/s: 0.00 reconn/s: 0.00
[ 22s ] thds: 10 tps: 1130.98 qps: 22628.62 (r/w/o: 15835.73/4530.92/2261.96) lat (ms,95%): 18.95 err/s: 0.00 reconn/s: 0.00
[ 24s ] thds: 10 tps: 1205.86 qps: 24149.67 (r/w/o: 16901.52/4835.93/2412.22) lat (ms,95%): 17.63 err/s: 0.00 reconn/s: 0.00
[ 26s ] thds: 10 tps: 830.02 qps: 16567.47 (r/w/o: 11602.83/3304.59/1660.05) lat (ms,95%): 19.65 err/s: 0.00 reconn/s: 0.00
[ 28s ] thds: 10 tps: 1112.15 qps: 22213.96 (r/w/o: 15543.57/4448.09/2222.30) lat (ms,95%): 17.95 err/s: 0.00 reconn/s: 0.00
[ 30s ] thds: 10 tps: 1179.49 qps: 23606.29 (r/w/o: 16531.35/4713.96/2360.98) lat (ms,95%): 17.63 err/s: 0.00 reconn/s: 0.00
[ 32s ] thds: 10 tps: 1018.80 qps: 20421.57 (r/w/o: 14288.75/4095.21/2037.61) lat (ms,95%): 20.37 err/s: 0.00 reconn/s: 0.00
[ 34s ] thds: 10 tps: 10.00 qps: 200.01 (r/w/o: 140.00/40.00/20.00) lat (ms,95%): 1032.01 err/s: 0.00 reconn/s: 0.00
[ 36s ] thds: 10 tps: 10.00 qps: 199.97 (r/w/o: 139.98/39.99/20.00) lat (ms,95%): 995.51 err/s: 0.00 reconn/s: 0.00
[ 38s ] thds: 10 tps: 10.00 qps: 198.03 (r/w/o: 140.02/38.01/20.00) lat (ms,95%): 1170.65 err/s: 0.00 reconn/s: 0.00
[ 40s ] thds: 10 tps: 9.50 qps: 192.02 (r/w/o: 133.02/40.00/19.00) lat (ms,95%): 802.05 err/s: 0.00 reconn/s: 0.00
[ 42s ] thds: 10 tps: 10.00 qps: 199.99 (r/w/o: 139.99/40.00/20.00) lat (ms,95%): 1069.86 err/s: 0.00 reconn/s: 0.00
[ 44s ] thds: 10 tps: 10.00 qps: 200.02 (r/w/o: 140.01/40.00/20.00) lat (ms,95%): 1149.76 err/s: 0.00 reconn/s: 0.00
[ 46s ] thds: 10 tps: 398.51 qps: 7937.15 (r/w/o: 5557.10/1583.03/797.01) lat (ms,95%): 23.52 err/s: 0.00 reconn/s: 0.00
[ 48s ] thds: 10 tps: 956.00 qps: 19146.51 (r/w/o: 13406.50/3827.00/1913.00) lat (ms,95%): 25.28 err/s: 0.50 reconn/s: 0.00
[ 50s ] thds: 10 tps: 1182.99 qps: 23632.20 (r/w/o: 16545.29/4720.94/2365.97) lat (ms,95%): 18.28 err/s: 0.00 reconn/s: 0.00
[ 52s ] thds: 10 tps: 444.01 qps: 8892.62 (r/w/o: 6222.59/1782.02/888.01) lat (ms,95%): 22.28 err/s: 0.00 reconn/s: 0.00
[ 54s ] thds: 10 tps: 1073.24 qps: 21476.22 (r/w/o: 15033.30/4296.44/2146.47) lat (ms,95%): 21.89 err/s: 0.00 reconn/s: 0.00
[ 56s ] thds: 10 tps: 1152.79 qps: 23055.79 (r/w/o: 16135.05/4615.66/2305.08) lat (ms,95%): 17.63 err/s: 0.00 reconn/s: 0.00
[ 58s ] thds: 10 tps: 1097.00 qps: 21927.47 (r/w/o: 15350.98/4381.99/2194.50) lat (ms,95%): 22.28 err/s: 0.00 reconn/s: 0.00
[ 60s ] thds: 10 tps: 1048.47 qps: 20991.97 (r/w/o: 14693.13/4201.89/2096.95) lat (ms,95%): 22.28 err/s: 0.00 reconn/s: 0.00
SQL statistics:
    queries performed:
        read:                            584472
        write:                           166989
        other:                           83497
        total:                           834958
    transactions:                        41747  (695.69 per sec.)
    queries:                             834958 (13914.18 per sec.)
    ignored errors:                      1      (0.02 per sec.)
    reconnects:                          0      (0.00 per sec.)

General statistics:
    total time:                          60.0063s
    total number of events:              41747

Latency (ms):
         min:                                    5.23
         avg:                                   14.37
         max:                                 1569.33
         95th percentile:                       21.50
         sum:                               599913.47

Threads fairness:
    events (avg/stddev):           4174.7000/12.74
    execution time (avg/stddev):   59.9913/0.00

